Started GET "/" for 111.239.172.139 at 2021-12-29 03:49:20 +0000
Cannot render console from 111.239.172.139! Allowed networks: 127.0.0.1, ::1, 127.0.0.0/127.255.255.255
  
ActiveRecord::PendingMigrationError (

Migrations are pending. To resolve this issue, run:

        bin/rails db:migrate RAILS_ENV=development

):
  
activerecord (5.2.5) lib/active_record/migration.rb:579:in `check_pending!'
activerecord (5.2.5) lib/active_record/migration.rb:556:in `call'
actionpack (5.2.5) lib/action_dispatch/middleware/callbacks.rb:28:in `block in call'
activesupport (5.2.5) lib/active_support/callbacks.rb:98:in `run_callbacks'
actionpack (5.2.5) lib/action_dispatch/middleware/callbacks.rb:26:in `call'
actionpack (5.2.5) lib/action_dispatch/middleware/executor.rb:14:in `call'
actionpack (5.2.5) lib/action_dispatch/middleware/debug_exceptions.rb:61:in `call'
web-console (3.7.0) lib/web_console/middleware.rb:135:in `call_app'
web-console (3.7.0) lib/web_console/middleware.rb:22:in `block in call'
web-console (3.7.0) lib/web_console/middleware.rb:20:in `catch'
web-console (3.7.0) lib/web_console/middleware.rb:20:in `call'
actionpack (5.2.5) lib/action_dispatch/middleware/show_exceptions.rb:33:in `call'
railties (5.2.5) lib/rails/rack/logger.rb:38:in `call_app'
railties (5.2.5) lib/rails/rack/logger.rb:26:in `block in call'
activesupport (5.2.5) lib/active_support/tagged_logging.rb:71:in `block in tagged'
activesupport (5.2.5) lib/active_support/tagged_logging.rb:28:in `tagged'
activesupport (5.2.5) lib/active_support/tagged_logging.rb:71:in `tagged'
railties (5.2.5) lib/rails/rack/logger.rb:26:in `call'
sprockets-rails (3.2.2) lib/sprockets/rails/quiet_assets.rb:13:in `call'
actionpack (5.2.5) lib/action_dispatch/middleware/remote_ip.rb:81:in `call'
actionpack (5.2.5) lib/action_dispatch/middleware/request_id.rb:27:in `call'
rack (2.2.3) lib/rack/method_override.rb:24:in `call'
rack (2.2.3) lib/rack/runtime.rb:22:in `call'
activesupport (5.2.5) lib/active_support/cache/strategy/local_cache_middleware.rb:29:in `call'
actionpack (5.2.5) lib/action_dispatch/middleware/executor.rb:14:in `call'
actionpack (5.2.5) lib/action_dispatch/middleware/static.rb:127:in `call'
rack (2.2.3) lib/rack/sendfile.rb:110:in `call'
railties (5.2.5) lib/rails/engine.rb:524:in `call'
puma (3.12.6) lib/puma/configuration.rb:227:in `call'
puma (3.12.6) lib/puma/server.rb:706:in `handle_request'
puma (3.12.6) lib/puma/server.rb:476:in `process_client'
puma (3.12.6) lib/puma/server.rb:334:in `block in run'
puma (3.12.6) lib/puma/thread_pool.rb:135:in `block in spawn_thread'
Started GET "/" for 111.239.172.139 at 2021-12-29 03:51:08 +0000
Cannot render console from 111.239.172.139! Allowed networks: 127.0.0.1, ::1, 127.0.0.0/127.255.255.255
  
ActiveRecord::PendingMigrationError (

Migrations are pending. To resolve this issue, run:

        bin/rails db:migrate RAILS_ENV=development

):
  
activerecord (5.2.5) lib/active_record/migration.rb:579:in `check_pending!'
activerecord (5.2.5) lib/active_record/migration.rb:556:in `call'
actionpack (5.2.5) lib/action_dispatch/middleware/callbacks.rb:28:in `block in call'
activesupport (5.2.5) lib/active_support/callbacks.rb:98:in `run_callbacks'
actionpack (5.2.5) lib/action_dispatch/middleware/callbacks.rb:26:in `call'
actionpack (5.2.5) lib/action_dispatch/middleware/executor.rb:14:in `call'
actionpack (5.2.5) lib/action_dispatch/middleware/debug_exceptions.rb:61:in `call'
web-console (3.7.0) lib/web_console/middleware.rb:135:in `call_app'
web-console (3.7.0) lib/web_console/middleware.rb:22:in `block in call'
web-console (3.7.0) lib/web_console/middleware.rb:20:in `catch'
web-console (3.7.0) lib/web_console/middleware.rb:20:in `call'
actionpack (5.2.5) lib/action_dispatch/middleware/show_exceptions.rb:33:in `call'
railties (5.2.5) lib/rails/rack/logger.rb:38:in `call_app'
railties (5.2.5) lib/rails/rack/logger.rb:26:in `block in call'
activesupport (5.2.5) lib/active_support/tagged_logging.rb:71:in `block in tagged'
activesupport (5.2.5) lib/active_support/tagged_logging.rb:28:in `tagged'
activesupport (5.2.5) lib/active_support/tagged_logging.rb:71:in `tagged'
railties (5.2.5) lib/rails/rack/logger.rb:26:in `call'
sprockets-rails (3.2.2) lib/sprockets/rails/quiet_assets.rb:13:in `call'
actionpack (5.2.5) lib/action_dispatch/middleware/remote_ip.rb:81:in `call'
actionpack (5.2.5) lib/action_dispatch/middleware/request_id.rb:27:in `call'
rack (2.2.3) lib/rack/method_override.rb:24:in `call'
rack (2.2.3) lib/rack/runtime.rb:22:in `call'
activesupport (5.2.5) lib/active_support/cache/strategy/local_cache_middleware.rb:29:in `call'
actionpack (5.2.5) lib/action_dispatch/middleware/executor.rb:14:in `call'
actionpack (5.2.5) lib/action_dispatch/middleware/static.rb:127:in `call'
rack (2.2.3) lib/rack/sendfile.rb:110:in `call'
railties (5.2.5) lib/rails/engine.rb:524:in `call'
puma (3.12.6) lib/puma/configuration.rb:227:in `call'
puma (3.12.6) lib/puma/server.rb:706:in `handle_request'
puma (3.12.6) lib/puma/server.rb:476:in `process_client'
puma (3.12.6) lib/puma/server.rb:334:in `block in run'
puma (3.12.6) lib/puma/thread_pool.rb:135:in `block in spawn_thread'
Started GET "/" for 111.239.172.139 at 2021-12-29 03:51:10 +0000
Cannot render console from 111.239.172.139! Allowed networks: 127.0.0.1, ::1, 127.0.0.0/127.255.255.255
  
ActiveRecord::PendingMigrationError (

Migrations are pending. To resolve this issue, run:

        bin/rails db:migrate RAILS_ENV=development

):
  
activerecord (5.2.5) lib/active_record/migration.rb:579:in `check_pending!'
activerecord (5.2.5) lib/active_record/migration.rb:556:in `call'
actionpack (5.2.5) lib/action_dispatch/middleware/callbacks.rb:28:in `block in call'
activesupport (5.2.5) lib/active_support/callbacks.rb:98:in `run_callbacks'
actionpack (5.2.5) lib/action_dispatch/middleware/callbacks.rb:26:in `call'
actionpack (5.2.5) lib/action_dispatch/middleware/executor.rb:14:in `call'
actionpack (5.2.5) lib/action_dispatch/middleware/debug_exceptions.rb:61:in `call'
web-console (3.7.0) lib/web_console/middleware.rb:135:in `call_app'
web-console (3.7.0) lib/web_console/middleware.rb:22:in `block in call'
web-console (3.7.0) lib/web_console/middleware.rb:20:in `catch'
web-console (3.7.0) lib/web_console/middleware.rb:20:in `call'
actionpack (5.2.5) lib/action_dispatch/middleware/show_exceptions.rb:33:in `call'
railties (5.2.5) lib/rails/rack/logger.rb:38:in `call_app'
railties (5.2.5) lib/rails/rack/logger.rb:26:in `block in call'
activesupport (5.2.5) lib/active_support/tagged_logging.rb:71:in `block in tagged'
activesupport (5.2.5) lib/active_support/tagged_logging.rb:28:in `tagged'
activesupport (5.2.5) lib/active_support/tagged_logging.rb:71:in `tagged'
railties (5.2.5) lib/rails/rack/logger.rb:26:in `call'
sprockets-rails (3.2.2) lib/sprockets/rails/quiet_assets.rb:13:in `call'
actionpack (5.2.5) lib/action_dispatch/middleware/remote_ip.rb:81:in `call'
actionpack (5.2.5) lib/action_dispatch/middleware/request_id.rb:27:in `call'
rack (2.2.3) lib/rack/method_override.rb:24:in `call'
rack (2.2.3) lib/rack/runtime.rb:22:in `call'
activesupport (5.2.5) lib/active_support/cache/strategy/local_cache_middleware.rb:29:in `call'
actionpack (5.2.5) lib/action_dispatch/middleware/executor.rb:14:in `call'
actionpack (5.2.5) lib/action_dispatch/middleware/static.rb:127:in `call'
rack (2.2.3) lib/rack/sendfile.rb:110:in `call'
railties (5.2.5) lib/rails/engine.rb:524:in `call'
puma (3.12.6) lib/puma/configuration.rb:227:in `call'
puma (3.12.6) lib/puma/server.rb:706:in `handle_request'
puma (3.12.6) lib/puma/server.rb:476:in `process_client'
puma (3.12.6) lib/puma/server.rb:334:in `block in run'
puma (3.12.6) lib/puma/thread_pool.rb:135:in `block in spawn_thread'
Started GET "/" for 111.239.172.139 at 2021-12-29 03:51:11 +0000
Cannot render console from 111.239.172.139! Allowed networks: 127.0.0.1, ::1, 127.0.0.0/127.255.255.255
  
ActiveRecord::PendingMigrationError (

Migrations are pending. To resolve this issue, run:

        bin/rails db:migrate RAILS_ENV=development

):
  
activerecord (5.2.5) lib/active_record/migration.rb:579:in `check_pending!'
activerecord (5.2.5) lib/active_record/migration.rb:556:in `call'
actionpack (5.2.5) lib/action_dispatch/middleware/callbacks.rb:28:in `block in call'
activesupport (5.2.5) lib/active_support/callbacks.rb:98:in `run_callbacks'
actionpack (5.2.5) lib/action_dispatch/middleware/callbacks.rb:26:in `call'
actionpack (5.2.5) lib/action_dispatch/middleware/executor.rb:14:in `call'
actionpack (5.2.5) lib/action_dispatch/middleware/debug_exceptions.rb:61:in `call'
web-console (3.7.0) lib/web_console/middleware.rb:135:in `call_app'
web-console (3.7.0) lib/web_console/middleware.rb:22:in `block in call'
web-console (3.7.0) lib/web_console/middleware.rb:20:in `catch'
web-console (3.7.0) lib/web_console/middleware.rb:20:in `call'
actionpack (5.2.5) lib/action_dispatch/middleware/show_exceptions.rb:33:in `call'
railties (5.2.5) lib/rails/rack/logger.rb:38:in `call_app'
railties (5.2.5) lib/rails/rack/logger.rb:26:in `block in call'
activesupport (5.2.5) lib/active_support/tagged_logging.rb:71:in `block in tagged'
activesupport (5.2.5) lib/active_support/tagged_logging.rb:28:in `tagged'
activesupport (5.2.5) lib/active_support/tagged_logging.rb:71:in `tagged'
railties (5.2.5) lib/rails/rack/logger.rb:26:in `call'
sprockets-rails (3.2.2) lib/sprockets/rails/quiet_assets.rb:13:in `call'
actionpack (5.2.5) lib/action_dispatch/middleware/remote_ip.rb:81:in `call'
actionpack (5.2.5) lib/action_dispatch/middleware/request_id.rb:27:in `call'
rack (2.2.3) lib/rack/method_override.rb:24:in `call'
rack (2.2.3) lib/rack/runtime.rb:22:in `call'
activesupport (5.2.5) lib/active_support/cache/strategy/local_cache_middleware.rb:29:in `call'
actionpack (5.2.5) lib/action_dispatch/middleware/executor.rb:14:in `call'
actionpack (5.2.5) lib/action_dispatch/middleware/static.rb:127:in `call'
rack (2.2.3) lib/rack/sendfile.rb:110:in `call'
railties (5.2.5) lib/rails/engine.rb:524:in `call'
puma (3.12.6) lib/puma/configuration.rb:227:in `call'
puma (3.12.6) lib/puma/server.rb:706:in `handle_request'
puma (3.12.6) lib/puma/server.rb:476:in `process_client'
puma (3.12.6) lib/puma/server.rb:334:in `block in run'
puma (3.12.6) lib/puma/thread_pool.rb:135:in `block in spawn_thread'
Started GET "/" for 111.239.172.139 at 2021-12-29 03:55:24 +0000
Cannot render console from 111.239.172.139! Allowed networks: 127.0.0.1, ::1, 127.0.0.0/127.255.255.255
  
ActiveRecord::PendingMigrationError (

Migrations are pending. To resolve this issue, run:

        bin/rails db:migrate RAILS_ENV=development

):
  
activerecord (5.2.5) lib/active_record/migration.rb:579:in `check_pending!'
activerecord (5.2.5) lib/active_record/migration.rb:556:in `call'
actionpack (5.2.5) lib/action_dispatch/middleware/callbacks.rb:28:in `block in call'
activesupport (5.2.5) lib/active_support/callbacks.rb:98:in `run_callbacks'
actionpack (5.2.5) lib/action_dispatch/middleware/callbacks.rb:26:in `call'
actionpack (5.2.5) lib/action_dispatch/middleware/executor.rb:14:in `call'
actionpack (5.2.5) lib/action_dispatch/middleware/debug_exceptions.rb:61:in `call'
web-console (3.7.0) lib/web_console/middleware.rb:135:in `call_app'
web-console (3.7.0) lib/web_console/middleware.rb:22:in `block in call'
web-console (3.7.0) lib/web_console/middleware.rb:20:in `catch'
web-console (3.7.0) lib/web_console/middleware.rb:20:in `call'
actionpack (5.2.5) lib/action_dispatch/middleware/show_exceptions.rb:33:in `call'
railties (5.2.5) lib/rails/rack/logger.rb:38:in `call_app'
railties (5.2.5) lib/rails/rack/logger.rb:26:in `block in call'
activesupport (5.2.5) lib/active_support/tagged_logging.rb:71:in `block in tagged'
activesupport (5.2.5) lib/active_support/tagged_logging.rb:28:in `tagged'
activesupport (5.2.5) lib/active_support/tagged_logging.rb:71:in `tagged'
railties (5.2.5) lib/rails/rack/logger.rb:26:in `call'
sprockets-rails (3.2.2) lib/sprockets/rails/quiet_assets.rb:13:in `call'
actionpack (5.2.5) lib/action_dispatch/middleware/remote_ip.rb:81:in `call'
actionpack (5.2.5) lib/action_dispatch/middleware/request_id.rb:27:in `call'
rack (2.2.3) lib/rack/method_override.rb:24:in `call'
rack (2.2.3) lib/rack/runtime.rb:22:in `call'
activesupport (5.2.5) lib/active_support/cache/strategy/local_cache_middleware.rb:29:in `call'
actionpack (5.2.5) lib/action_dispatch/middleware/executor.rb:14:in `call'
actionpack (5.2.5) lib/action_dispatch/middleware/static.rb:127:in `call'
rack (2.2.3) lib/rack/sendfile.rb:110:in `call'
railties (5.2.5) lib/rails/engine.rb:524:in `call'
puma (3.12.6) lib/puma/configuration.rb:227:in `call'
puma (3.12.6) lib/puma/server.rb:706:in `handle_request'
puma (3.12.6) lib/puma/server.rb:476:in `process_client'
puma (3.12.6) lib/puma/server.rb:334:in `block in run'
puma (3.12.6) lib/puma/thread_pool.rb:135:in `block in spawn_thread'
Started GET "/" for 111.239.172.139 at 2021-12-29 04:02:35 +0000
Cannot render console from 111.239.172.139! Allowed networks: 127.0.0.1, ::1, 127.0.0.0/127.255.255.255
  
ActiveRecord::PendingMigrationError (

Migrations are pending. To resolve this issue, run:

        bin/rails db:migrate RAILS_ENV=development

):
  
activerecord (5.2.5) lib/active_record/migration.rb:579:in `check_pending!'
activerecord (5.2.5) lib/active_record/migration.rb:556:in `call'
actionpack (5.2.5) lib/action_dispatch/middleware/callbacks.rb:28:in `block in call'
activesupport (5.2.5) lib/active_support/callbacks.rb:98:in `run_callbacks'
actionpack (5.2.5) lib/action_dispatch/middleware/callbacks.rb:26:in `call'
actionpack (5.2.5) lib/action_dispatch/middleware/executor.rb:14:in `call'
actionpack (5.2.5) lib/action_dispatch/middleware/debug_exceptions.rb:61:in `call'
web-console (3.7.0) lib/web_console/middleware.rb:135:in `call_app'
web-console (3.7.0) lib/web_console/middleware.rb:22:in `block in call'
web-console (3.7.0) lib/web_console/middleware.rb:20:in `catch'
web-console (3.7.0) lib/web_console/middleware.rb:20:in `call'
actionpack (5.2.5) lib/action_dispatch/middleware/show_exceptions.rb:33:in `call'
railties (5.2.5) lib/rails/rack/logger.rb:38:in `call_app'
railties (5.2.5) lib/rails/rack/logger.rb:26:in `block in call'
activesupport (5.2.5) lib/active_support/tagged_logging.rb:71:in `block in tagged'
activesupport (5.2.5) lib/active_support/tagged_logging.rb:28:in `tagged'
activesupport (5.2.5) lib/active_support/tagged_logging.rb:71:in `tagged'
railties (5.2.5) lib/rails/rack/logger.rb:26:in `call'
sprockets-rails (3.2.2) lib/sprockets/rails/quiet_assets.rb:13:in `call'
actionpack (5.2.5) lib/action_dispatch/middleware/remote_ip.rb:81:in `call'
actionpack (5.2.5) lib/action_dispatch/middleware/request_id.rb:27:in `call'
rack (2.2.3) lib/rack/method_override.rb:24:in `call'
rack (2.2.3) lib/rack/runtime.rb:22:in `call'
activesupport (5.2.5) lib/active_support/cache/strategy/local_cache_middleware.rb:29:in `call'
actionpack (5.2.5) lib/action_dispatch/middleware/executor.rb:14:in `call'
actionpack (5.2.5) lib/action_dispatch/middleware/static.rb:127:in `call'
rack (2.2.3) lib/rack/sendfile.rb:110:in `call'
railties (5.2.5) lib/rails/engine.rb:524:in `call'
puma (3.12.6) lib/puma/configuration.rb:227:in `call'
puma (3.12.6) lib/puma/server.rb:706:in `handle_request'
puma (3.12.6) lib/puma/server.rb:476:in `process_client'
puma (3.12.6) lib/puma/server.rb:334:in `block in run'
puma (3.12.6) lib/puma/thread_pool.rb:135:in `block in spawn_thread'
Started GET "/" for 111.239.172.139 at 2021-12-29 04:02:40 +0000
Cannot render console from 111.239.172.139! Allowed networks: 127.0.0.1, ::1, 127.0.0.0/127.255.255.255
  
ActiveRecord::PendingMigrationError (

Migrations are pending. To resolve this issue, run:

        bin/rails db:migrate RAILS_ENV=development

):
  
activerecord (5.2.5) lib/active_record/migration.rb:579:in `check_pending!'
activerecord (5.2.5) lib/active_record/migration.rb:556:in `call'
actionpack (5.2.5) lib/action_dispatch/middleware/callbacks.rb:28:in `block in call'
activesupport (5.2.5) lib/active_support/callbacks.rb:98:in `run_callbacks'
actionpack (5.2.5) lib/action_dispatch/middleware/callbacks.rb:26:in `call'
actionpack (5.2.5) lib/action_dispatch/middleware/executor.rb:14:in `call'
actionpack (5.2.5) lib/action_dispatch/middleware/debug_exceptions.rb:61:in `call'
web-console (3.7.0) lib/web_console/middleware.rb:135:in `call_app'
web-console (3.7.0) lib/web_console/middleware.rb:22:in `block in call'
web-console (3.7.0) lib/web_console/middleware.rb:20:in `catch'
web-console (3.7.0) lib/web_console/middleware.rb:20:in `call'
actionpack (5.2.5) lib/action_dispatch/middleware/show_exceptions.rb:33:in `call'
railties (5.2.5) lib/rails/rack/logger.rb:38:in `call_app'
railties (5.2.5) lib/rails/rack/logger.rb:26:in `block in call'
activesupport (5.2.5) lib/active_support/tagged_logging.rb:71:in `block in tagged'
activesupport (5.2.5) lib/active_support/tagged_logging.rb:28:in `tagged'
activesupport (5.2.5) lib/active_support/tagged_logging.rb:71:in `tagged'
railties (5.2.5) lib/rails/rack/logger.rb:26:in `call'
sprockets-rails (3.2.2) lib/sprockets/rails/quiet_assets.rb:13:in `call'
actionpack (5.2.5) lib/action_dispatch/middleware/remote_ip.rb:81:in `call'
actionpack (5.2.5) lib/action_dispatch/middleware/request_id.rb:27:in `call'
rack (2.2.3) lib/rack/method_override.rb:24:in `call'
rack (2.2.3) lib/rack/runtime.rb:22:in `call'
activesupport (5.2.5) lib/active_support/cache/strategy/local_cache_middleware.rb:29:in `call'
actionpack (5.2.5) lib/action_dispatch/middleware/executor.rb:14:in `call'
actionpack (5.2.5) lib/action_dispatch/middleware/static.rb:127:in `call'
rack (2.2.3) lib/rack/sendfile.rb:110:in `call'
railties (5.2.5) lib/rails/engine.rb:524:in `call'
puma (3.12.6) lib/puma/configuration.rb:227:in `call'
puma (3.12.6) lib/puma/server.rb:706:in `handle_request'
puma (3.12.6) lib/puma/server.rb:476:in `process_client'
puma (3.12.6) lib/puma/server.rb:334:in `block in run'
puma (3.12.6) lib/puma/thread_pool.rb:135:in `block in spawn_thread'
  [1m[35m (0.1ms)[0m  [1m[34mSELECT sqlite_version(*)[0m
  â†³ bin/rails:9
  [1m[35m (3.8ms)[0m  [1m[35mCREATE TABLE "schema_migrations" ("version" varchar NOT NULL PRIMARY KEY)[0m
  â†³ bin/rails:9
  [1m[35m (4.5ms)[0m  [1m[35mCREATE TABLE "ar_internal_metadata" ("key" varchar NOT NULL PRIMARY KEY, "value" varchar, "created_at" datetime NOT NULL, "updated_at" datetime NOT NULL)[0m
  â†³ bin/rails:9
  [1m[35m (0.1ms)[0m  [1m[34mSELECT "schema_migrations"."version" FROM "schema_migrations" ORDER BY "schema_migrations"."version" ASC[0m
  â†³ bin/rails:9
Migrating to CreateBooks (20200915014227)
  [1m[35m (0.0ms)[0m  [1m[36mbegin transaction[0m
  â†³ bin/rails:9
  [1m[35m (0.6ms)[0m  [1m[35mCREATE TABLE "books" ("id" integer PRIMARY KEY AUTOINCREMENT NOT NULL, "body" text, "created_at" datetime NOT NULL, "updated_at" datetime NOT NULL)[0m
  â†³ db/migrate/20200915014227_create_books.rb:3
  [1m[36mActiveRecord::SchemaMigration Create (0.1ms)[0m  [1m[32mINSERT INTO "schema_migrations" ("version") VALUES (?)[0m  [["version", "20200915014227"]]
  â†³ bin/rails:9
  [1m[35m (4.1ms)[0m  [1m[36mcommit transaction[0m
  â†³ bin/rails:9
  [1m[36mActiveRecord::InternalMetadata Load (0.1ms)[0m  [1m[34mSELECT  "ar_internal_metadata".* FROM "ar_internal_metadata" WHERE "ar_internal_metadata"."key" = ? LIMIT ?[0m  [["key", "environment"], ["LIMIT", 1]]
  â†³ bin/rails:9
  [1m[35m (0.0ms)[0m  [1m[36mbegin transaction[0m
  â†³ bin/rails:9
  [1m[36mActiveRecord::InternalMetadata Create (0.2ms)[0m  [1m[32mINSERT INTO "ar_internal_metadata" ("key", "value", "created_at", "updated_at") VALUES (?, ?, ?, ?)[0m  [["key", "environment"], ["value", "development"], ["created_at", "2021-12-29 04:03:54.420431"], ["updated_at", "2021-12-29 04:03:54.420431"]]
  â†³ bin/rails:9
  [1m[35m (3.4ms)[0m  [1m[36mcommit transaction[0m
  â†³ bin/rails:9
  [1m[35m (0.1ms)[0m  [1m[34mSELECT "schema_migrations"."version" FROM "schema_migrations" ORDER BY "schema_migrations"."version" ASC[0m
  â†³ bin/rails:9
Started GET "/" for 111.239.172.139 at 2021-12-29 04:03:57 +0000
Cannot render console from 111.239.172.139! Allowed networks: 127.0.0.1, ::1, 127.0.0.0/127.255.255.255
  [1m[35m (0.1ms)[0m  [1m[34mSELECT "schema_migrations"."version" FROM "schema_migrations" ORDER BY "schema_migrations"."version" ASC[0m
  â†³ /home/ec2-user/.rvm/gems/ruby-2.6.3/gems/activerecord-5.2.5/lib/active_record/log_subscriber.rb:98
Processing by HomesController#top as HTML
  Rendering homes/top.html.erb within layouts/application
  Rendered homes/top.html.erb within layouts/application (1.3ms)
Completed 500 Internal Server Error in 7ms (ActiveRecord: 0.0ms)


  
ActionView::Template::Error (No route matches {:action=>"show", :controller=>"books"}, missing required keys: [:id]):
    3: <p><strong>Bookers</strong>ã§ã¯ã€ã•ã¾ã–ã¾ãªæ›¸ç±ã«é–¢ã™ã‚‹ã‚ãªãŸã®æ„è¦‹ã‚„</p>
    4: <p>å°è±¡ã‚’å…±æœ‰ã—äº¤æ›ã™ã‚‹ã“ã¨ãŒã§ãã¾ã™</p>
    5: 
    6: <p><%= link_to "start", book_path %></p>
  
app/views/homes/top.html.erb:6:in `_app_views_homes_top_html_erb___1755097639281455428_70105812515380'
Started GET "/" for 111.239.172.139 at 2021-12-29 04:04:00 +0000
Cannot render console from 111.239.172.139! Allowed networks: 127.0.0.1, ::1, 127.0.0.0/127.255.255.255
Processing by HomesController#top as HTML
  Rendering homes/top.html.erb within layouts/application
  Rendered homes/top.html.erb within layouts/application (1.3ms)
Completed 500 Internal Server Error in 3ms (ActiveRecord: 0.0ms)


  
ActionView::Template::Error (No route matches {:action=>"show", :controller=>"books"}, missing required keys: [:id]):
    3: <p><strong>Bookers</strong>ã§ã¯ã€ã•ã¾ã–ã¾ãªæ›¸ç±ã«é–¢ã™ã‚‹ã‚ãªãŸã®æ„è¦‹ã‚„</p>
    4: <p>å°è±¡ã‚’å…±æœ‰ã—äº¤æ›ã™ã‚‹ã“ã¨ãŒã§ãã¾ã™</p>
    5: 
    6: <p><%= link_to "start", book_path %></p>
  
app/views/homes/top.html.erb:6:in `_app_views_homes_top_html_erb___1755097639281455428_70105811769880'
Started GET "/" for 111.239.172.139 at 2021-12-29 04:04:04 +0000
Cannot render console from 111.239.172.139! Allowed networks: 127.0.0.1, ::1, 127.0.0.0/127.255.255.255
Processing by HomesController#top as HTML
  Rendering homes/top.html.erb within layouts/application
  Rendered homes/top.html.erb within layouts/application (1.3ms)
Completed 500 Internal Server Error in 5ms (ActiveRecord: 0.0ms)


  
ActionView::Template::Error (No route matches {:action=>"show", :controller=>"books"}, missing required keys: [:id]):
    3: <p><strong>Bookers</strong>ã§ã¯ã€ã•ã¾ã–ã¾ãªæ›¸ç±ã«é–¢ã™ã‚‹ã‚ãªãŸã®æ„è¦‹ã‚„</p>
    4: <p>å°è±¡ã‚’å…±æœ‰ã—äº¤æ›ã™ã‚‹ã“ã¨ãŒã§ãã¾ã™</p>
    5: 
    6: <p><%= link_to "start", book_path %></p>
  
app/views/homes/top.html.erb:6:in `_app_views_homes_top_html_erb___1755097639281455428_70106080102140'
Started GET "/" for 111.239.172.139 at 2021-12-29 04:05:04 +0000
Cannot render console from 111.239.172.139! Allowed networks: 127.0.0.1, ::1, 127.0.0.0/127.255.255.255
Processing by HomesController#top as HTML
  Rendering homes/top.html.erb within layouts/application
  Rendered homes/top.html.erb within layouts/application (0.8ms)
Completed 200 OK in 503ms (Views: 501.3ms | ActiveRecord: 0.0ms)


Started GET "/" for 111.239.172.139 at 2021-12-29 04:17:11 +0000
Cannot render console from 111.239.172.139! Allowed networks: 127.0.0.1, ::1, 127.0.0.0/127.255.255.255
Processing by HomesController#top as HTML
  Rendering homes/top.html.erb within layouts/application
  Rendered homes/top.html.erb within layouts/application (0.5ms)
Completed 200 OK in 16ms (Views: 15.6ms | ActiveRecord: 0.0ms)


Started GET "/" for 111.239.172.139 at 2021-12-29 04:17:26 +0000
Cannot render console from 111.239.172.139! Allowed networks: 127.0.0.1, ::1, 127.0.0.0/127.255.255.255
  [1m[35m (0.1ms)[0m  [1m[34mSELECT "schema_migrations"."version" FROM "schema_migrations" ORDER BY "schema_migrations"."version" ASC[0m
  â†³ /home/ec2-user/.rvm/gems/ruby-2.6.3/gems/activerecord-5.2.5/lib/active_record/log_subscriber.rb:98
Processing by HomesController#top as HTML
  Rendering homes/top.html.erb within layouts/application
  Rendered homes/top.html.erb within layouts/application (0.8ms)
Completed 200 OK in 148ms (Views: 143.3ms | ActiveRecord: 0.0ms)


Started GET "/books" for 111.239.172.139 at 2021-12-29 04:17:28 +0000
Cannot render console from 111.239.172.139! Allowed networks: 127.0.0.1, ::1, 127.0.0.0/127.255.255.255
Processing by BooksController#index as HTML
  Rendering books/index.html.erb within layouts/application
  [1m[36mBook Load (0.2ms)[0m  [1m[34mSELECT "books".* FROM "books"[0m
  â†³ app/views/books/index.html.erb:13
  Rendered books/_form.html.erb (37.3ms)
  Rendered books/index.html.erb within layouts/application (39.9ms)
Completed 200 OK in 101ms (Views: 88.1ms | ActiveRecord: 1.7ms)


Started POST "/books" for 111.239.172.139 at 2021-12-29 04:17:34 +0000
Cannot render console from 111.239.172.139! Allowed networks: 127.0.0.1, ::1, 127.0.0.0/127.255.255.255
Processing by BooksController#create as HTML
  Parameters: {"utf8"=>"âœ“", "authenticity_token"=>"1A1NNhRt9LLWQ9qDkqiAJ0xPU6e-HIgd3pu6RK4R_gY6A3c6eNNN_XenF3Uz8jybtMqIHRqklPOZHDMVvz6jYw", "book"=>{"title"=>"koookok", "body"=>"/./"}, "commit"=>"Create Book"}
Completed 500 Internal Server Error in 2ms (ActiveRecord: 0.0ms)


  
ActiveModel::UnknownAttributeError (unknown attribute 'title' for Book.):
  
app/controllers/books_controller.rb:9:in `create'
  [1m[35m (0.1ms)[0m  [1m[34mSELECT "schema_migrations"."version" FROM "schema_migrations" ORDER BY "schema_migrations"."version" ASC[0m
  â†³ bin/rails:9
Migrating to AddTitleToBooks (20211229042947)
  [1m[35m (0.1ms)[0m  [1m[36mbegin transaction[0m
  â†³ bin/rails:9
  [1m[35m (0.7ms)[0m  [1m[35mALTER TABLE "books" ADD "title" varchar[0m
  â†³ db/migrate/20211229042947_add_title_to_books.rb:3
  [1m[36mActiveRecord::SchemaMigration Create (0.1ms)[0m  [1m[32mINSERT INTO "schema_migrations" ("version") VALUES (?)[0m  [["version", "20211229042947"]]
  â†³ bin/rails:9
  [1m[35m (4.7ms)[0m  [1m[36mcommit transaction[0m
  â†³ bin/rails:9
  [1m[36mActiveRecord::InternalMetadata Load (0.1ms)[0m  [1m[34mSELECT  "ar_internal_metadata".* FROM "ar_internal_metadata" WHERE "ar_internal_metadata"."key" = ? LIMIT ?[0m  [["key", "environment"], ["LIMIT", 1]]
  â†³ bin/rails:9
  [1m[35m (0.1ms)[0m  [1m[36mbegin transaction[0m
  â†³ bin/rails:9
  [1m[35m (0.0ms)[0m  [1m[36mcommit transaction[0m
  â†³ bin/rails:9
  [1m[35m (0.1ms)[0m  [1m[34mSELECT "schema_migrations"."version" FROM "schema_migrations" ORDER BY "schema_migrations"."version" ASC[0m
  â†³ bin/rails:9
  [1m[35m (0.1ms)[0m  [1m[34mSELECT "schema_migrations"."version" FROM "schema_migrations" ORDER BY "schema_migrations"."version" ASC[0m
  â†³ bin/rails:9
Migrating to RemoveBodyFromBooks (20211229043146)
  [1m[35m (0.1ms)[0m  [1m[36mbegin transaction[0m
  â†³ bin/rails:9
  [1m[35m (0.1ms)[0m  [1m[34mSELECT sqlite_version(*)[0m
  â†³ db/migrate/20211229043146_remove_body_from_books.rb:3
  [1m[35m (0.3ms)[0m  [1m[35mCREATE TEMPORARY TABLE "abooks" ("id" integer NOT NULL PRIMARY KEY, "body" text DEFAULT NULL, "created_at" datetime NOT NULL, "updated_at" datetime NOT NULL, "title" varchar DEFAULT NULL)[0m
  â†³ db/migrate/20211229043146_remove_body_from_books.rb:3
  [1m[35m (0.1ms)[0m  [1m[32mINSERT INTO "abooks" ("id","body","created_at","updated_at","title")
                     SELECT "id","body","created_at","updated_at","title" FROM "books"[0m
  â†³ db/migrate/20211229043146_remove_body_from_books.rb:3
  [1m[35m (0.9ms)[0m  [1m[35mDROP TABLE "books"[0m
  â†³ db/migrate/20211229043146_remove_body_from_books.rb:3
  [1m[35m (0.1ms)[0m  [1m[35mCREATE TABLE "books" ("id" integer NOT NULL PRIMARY KEY, "created_at" datetime NOT NULL, "updated_at" datetime NOT NULL, "title" varchar DEFAULT NULL)[0m
  â†³ db/migrate/20211229043146_remove_body_from_books.rb:3
  [1m[35m (0.1ms)[0m  [1m[32mINSERT INTO "books" ("id","created_at","updated_at","title")
                     SELECT "id","created_at","updated_at","title" FROM "abooks"[0m
  â†³ db/migrate/20211229043146_remove_body_from_books.rb:3
  [1m[35m (0.2ms)[0m  [1m[35mDROP TABLE "abooks"[0m
  â†³ db/migrate/20211229043146_remove_body_from_books.rb:3
  [1m[36mActiveRecord::SchemaMigration Create (0.1ms)[0m  [1m[32mINSERT INTO "schema_migrations" ("version") VALUES (?)[0m  [["version", "20211229043146"]]
  â†³ bin/rails:9
  [1m[35m (4.8ms)[0m  [1m[36mcommit transaction[0m
  â†³ bin/rails:9
  [1m[36mActiveRecord::InternalMetadata Load (0.1ms)[0m  [1m[34mSELECT  "ar_internal_metadata".* FROM "ar_internal_metadata" WHERE "ar_internal_metadata"."key" = ? LIMIT ?[0m  [["key", "environment"], ["LIMIT", 1]]
  â†³ bin/rails:9
  [1m[35m (0.1ms)[0m  [1m[36mbegin transaction[0m
  â†³ bin/rails:9
  [1m[35m (0.0ms)[0m  [1m[36mcommit transaction[0m
  â†³ bin/rails:9
  [1m[35m (1.0ms)[0m  [1m[34mSELECT "schema_migrations"."version" FROM "schema_migrations" ORDER BY "schema_migrations"."version" ASC[0m
  â†³ bin/rails:9
  [1m[35m (0.1ms)[0m  [1m[34mSELECT "schema_migrations"."version" FROM "schema_migrations" ORDER BY "schema_migrations"."version" ASC[0m
  â†³ bin/rails:9
Migrating to AddBodyToBooks (20211229043230)
  [1m[35m (0.1ms)[0m  [1m[36mbegin transaction[0m
  â†³ bin/rails:9
  [1m[35m (0.7ms)[0m  [1m[35mALTER TABLE "books" ADD "body" varchar[0m
  â†³ db/migrate/20211229043230_add_body_to_books.rb:3
  [1m[36mActiveRecord::SchemaMigration Create (0.1ms)[0m  [1m[32mINSERT INTO "schema_migrations" ("version") VALUES (?)[0m  [["version", "20211229043230"]]
  â†³ bin/rails:9
  [1m[35m (4.1ms)[0m  [1m[36mcommit transaction[0m
  â†³ bin/rails:9
  [1m[36mActiveRecord::InternalMetadata Load (0.2ms)[0m  [1m[34mSELECT  "ar_internal_metadata".* FROM "ar_internal_metadata" WHERE "ar_internal_metadata"."key" = ? LIMIT ?[0m  [["key", "environment"], ["LIMIT", 1]]
  â†³ bin/rails:9
  [1m[35m (0.0ms)[0m  [1m[36mbegin transaction[0m
  â†³ bin/rails:9
  [1m[35m (0.0ms)[0m  [1m[36mcommit transaction[0m
  â†³ bin/rails:9
  [1m[35m (0.1ms)[0m  [1m[34mSELECT "schema_migrations"."version" FROM "schema_migrations" ORDER BY "schema_migrations"."version" ASC[0m
  â†³ bin/rails:9
Started POST "/books" for 111.239.172.139 at 2021-12-29 04:33:17 +0000
Cannot render console from 111.239.172.139! Allowed networks: 127.0.0.1, ::1, 127.0.0.0/127.255.255.255
  [1m[35m (0.1ms)[0m  [1m[34mSELECT "schema_migrations"."version" FROM "schema_migrations" ORDER BY "schema_migrations"."version" ASC[0m
  â†³ /home/ec2-user/.rvm/gems/ruby-2.6.3/gems/activerecord-5.2.5/lib/active_record/log_subscriber.rb:98
Processing by BooksController#create as HTML
  Parameters: {"utf8"=>"âœ“", "authenticity_token"=>"1A1NNhRt9LLWQ9qDkqiAJ0xPU6e-HIgd3pu6RK4R_gY6A3c6eNNN_XenF3Uz8jybtMqIHRqklPOZHDMVvz6jYw", "book"=>{"title"=>"koookok", "body"=>"/./"}, "commit"=>"Create Book"}
  [1m[35m (0.1ms)[0m  [1m[36mbegin transaction[0m
  â†³ app/controllers/books_controller.rb:10
  [1m[36mBook Create (1.0ms)[0m  [1m[32mINSERT INTO "books" ("created_at", "updated_at", "title", "body") VALUES (?, ?, ?, ?)[0m  [["created_at", "2021-12-29 04:33:17.116759"], ["updated_at", "2021-12-29 04:33:17.116759"], ["title", "koookok"], ["body", "/./"]]
  â†³ app/controllers/books_controller.rb:10
  [1m[35m (4.7ms)[0m  [1m[36mcommit transaction[0m
  â†³ app/controllers/books_controller.rb:10
Redirected to https://f5052807bda94322a481b932efee0319.vfs.cloud9.us-east-1.amazonaws.com/books/1
Completed 302 Found in 15ms (ActiveRecord: 6.2ms)


Started GET "/books/1" for 111.239.172.139 at 2021-12-29 04:33:17 +0000
Cannot render console from 111.239.172.139! Allowed networks: 127.0.0.1, ::1, 127.0.0.0/127.255.255.255
Processing by BooksController#show as HTML
  Parameters: {"id"=>"1"}
  [1m[36mBook Load (0.2ms)[0m  [1m[34mSELECT  "books".* FROM "books" WHERE "books"."id" = ? LIMIT ?[0m  [["id", 1], ["LIMIT", 1]]
  â†³ app/controllers/books_controller.rb:19
  Rendering books/show.html.erb within layouts/application
  Rendered books/show.html.erb within layouts/application (0.8ms)
Completed 200 OK in 20ms (Views: 16.7ms | ActiveRecord: 0.2ms)


Started GET "/books/1/edit" for 111.239.172.139 at 2021-12-29 04:33:23 +0000
Cannot render console from 111.239.172.139! Allowed networks: 127.0.0.1, ::1, 127.0.0.0/127.255.255.255
Processing by BooksController#edit as HTML
  Parameters: {"id"=>"1"}
  [1m[36mBook Load (0.2ms)[0m  [1m[34mSELECT  "books".* FROM "books" WHERE "books"."id" = ? LIMIT ?[0m  [["id", 1], ["LIMIT", 1]]
  â†³ app/controllers/books_controller.rb:23
  Rendering books/edit.html.erb within layouts/application
  Rendered books/_form.html.erb (1.7ms)
  Rendered books/edit.html.erb within layouts/application (3.0ms)
Completed 200 OK in 25ms (Views: 18.4ms | ActiveRecord: 0.2ms)


Started GET "/books/1/edit?utf8=%E2%9C%93&_method=patch&authenticity_token=PXmU0Zjb9TFDY2hfgtITp2KDYpmSh0ZvkABCpA2vFQH0PjFkEzxF5rqSeErnNB0ZiymuB_0BTptqKd7r0nNX2g&book%5Btitle%5D=koookok&book%5Bbody%5D=%2F.%2Fion&commit=Update+Book" for 111.239.172.139 at 2021-12-29 04:33:26 +0000
Cannot render console from 111.239.172.139! Allowed networks: 127.0.0.1, ::1, 127.0.0.0/127.255.255.255
Processing by BooksController#edit as HTML
  Parameters: {"utf8"=>"âœ“", "authenticity_token"=>"PXmU0Zjb9TFDY2hfgtITp2KDYpmSh0ZvkABCpA2vFQH0PjFkEzxF5rqSeErnNB0ZiymuB_0BTptqKd7r0nNX2g", "book"=>{"title"=>"koookok", "body"=>"/./ion"}, "commit"=>"Update Book", "id"=>"1"}
  [1m[36mBook Load (0.1ms)[0m  [1m[34mSELECT  "books".* FROM "books" WHERE "books"."id" = ? LIMIT ?[0m  [["id", 1], ["LIMIT", 1]]
  â†³ app/controllers/books_controller.rb:23
  Rendering books/edit.html.erb within layouts/application
  Rendered books/_form.html.erb (1.7ms)
  Rendered books/edit.html.erb within layouts/application (2.8ms)
Completed 200 OK in 20ms (Views: 18.4ms | ActiveRecord: 0.1ms)


Started GET "/books/1/edit?utf8=%E2%9C%93&_method=patch&authenticity_token=nhTUkPAXHdsAJ6CrgYUHcd1GR1u3ixTUmc18LDp7HYFWsZT1Ta3AldRN9Ics87BLCcZyb4SM2_rUvSvVZeRsdA&book%5Btitle%5D=koookok&book%5Bbody%5D=%2F.%2F&commit=Update+Book" for 111.239.172.139 at 2021-12-29 04:33:28 +0000
Cannot render console from 111.239.172.139! Allowed networks: 127.0.0.1, ::1, 127.0.0.0/127.255.255.255
Processing by BooksController#edit as HTML
  Parameters: {"utf8"=>"âœ“", "authenticity_token"=>"nhTUkPAXHdsAJ6CrgYUHcd1GR1u3ixTUmc18LDp7HYFWsZT1Ta3AldRN9Ics87BLCcZyb4SM2_rUvSvVZeRsdA", "book"=>{"title"=>"koookok", "body"=>"/./"}, "commit"=>"Update Book", "id"=>"1"}
  [1m[36mBook Load (0.1ms)[0m  [1m[34mSELECT  "books".* FROM "books" WHERE "books"."id" = ? LIMIT ?[0m  [["id", 1], ["LIMIT", 1]]
  â†³ app/controllers/books_controller.rb:23
  Rendering books/edit.html.erb within layouts/application
  Rendered books/_form.html.erb (1.6ms)
  Rendered books/edit.html.erb within layouts/application (2.6ms)
Completed 200 OK in 24ms (Views: 22.0ms | ActiveRecord: 0.1ms)


Started GET "/books/1/edit?utf8=%E2%9C%93&_method=patch&authenticity_token=Y_2iBecrBB2IVJU-fpNyWQE-Ad85_8uHQpjn4-n0qWurWOJgWpHZU1w-wRLT5cVj1b406wr4BKkP6LAatmvYng&book%5Btitle%5D=koookok&book%5Bbody%5D=%2F.%2F&commit=Update+Book" for 111.239.172.139 at 2021-12-29 04:33:30 +0000
Cannot render console from 111.239.172.139! Allowed networks: 127.0.0.1, ::1, 127.0.0.0/127.255.255.255
Processing by BooksController#edit as HTML
  Parameters: {"utf8"=>"âœ“", "authenticity_token"=>"Y_2iBecrBB2IVJU-fpNyWQE-Ad85_8uHQpjn4-n0qWurWOJgWpHZU1w-wRLT5cVj1b406wr4BKkP6LAatmvYng", "book"=>{"title"=>"koookok", "body"=>"/./"}, "commit"=>"Update Book", "id"=>"1"}
  [1m[36mBook Load (0.1ms)[0m  [1m[34mSELECT  "books".* FROM "books" WHERE "books"."id" = ? LIMIT ?[0m  [["id", 1], ["LIMIT", 1]]
  â†³ app/controllers/books_controller.rb:23
  Rendering books/edit.html.erb within layouts/application
  Rendered books/_form.html.erb (1.5ms)
  Rendered books/edit.html.erb within layouts/application (2.6ms)
Completed 200 OK in 20ms (Views: 18.2ms | ActiveRecord: 0.1ms)


Started GET "/books/1/edit?utf8=%E2%9C%93&_method=patch&authenticity_token=ReCHm8vEF905EY_VJoXVlVAqbnUXoIO5LsTwIhz-wbKNRcf-dn7Kk-172_mL82KvhKpbQSSnTJdjtKfbQ2GwRw&book%5Btitle%5D=koookok&book%5Bbody%5D=%2F.%2F&commit=Update+Book" for 111.239.172.139 at 2021-12-29 04:33:31 +0000
Cannot render console from 111.239.172.139! Allowed networks: 127.0.0.1, ::1, 127.0.0.0/127.255.255.255
Processing by BooksController#edit as HTML
  Parameters: {"utf8"=>"âœ“", "authenticity_token"=>"ReCHm8vEF905EY_VJoXVlVAqbnUXoIO5LsTwIhz-wbKNRcf-dn7Kk-172_mL82KvhKpbQSSnTJdjtKfbQ2GwRw", "book"=>{"title"=>"koookok", "body"=>"/./"}, "commit"=>"Update Book", "id"=>"1"}
  [1m[36mBook Load (0.1ms)[0m  [1m[34mSELECT  "books".* FROM "books" WHERE "books"."id" = ? LIMIT ?[0m  [["id", 1], ["LIMIT", 1]]
  â†³ app/controllers/books_controller.rb:23
  Rendering books/edit.html.erb within layouts/application
  Rendered books/_form.html.erb (1.5ms)
  Rendered books/edit.html.erb within layouts/application (2.6ms)
Completed 200 OK in 20ms (Views: 18.2ms | ActiveRecord: 0.1ms)


Started GET "/books/1/edit?utf8=%E2%9C%93&_method=patch&authenticity_token=D4rqVUPnn_sBQmhK4Ats68qwUAEww_OXu461bHUlS0DHL6ow_l1CtdUoPGZNfdvRHjBlNQPEPLn2_uKVKro6tQ&book%5Btitle%5D=koookok&book%5Bbody%5D=%2F.%2F&commit=Update+Book" for 111.239.172.139 at 2021-12-29 04:33:32 +0000
Cannot render console from 111.239.172.139! Allowed networks: 127.0.0.1, ::1, 127.0.0.0/127.255.255.255
Processing by BooksController#edit as HTML
  Parameters: {"utf8"=>"âœ“", "authenticity_token"=>"D4rqVUPnn_sBQmhK4Ats68qwUAEww_OXu461bHUlS0DHL6ow_l1CtdUoPGZNfdvRHjBlNQPEPLn2_uKVKro6tQ", "book"=>{"title"=>"koookok", "body"=>"/./"}, "commit"=>"Update Book", "id"=>"1"}
  [1m[36mBook Load (0.1ms)[0m  [1m[34mSELECT  "books".* FROM "books" WHERE "books"."id" = ? LIMIT ?[0m  [["id", 1], ["LIMIT", 1]]
  â†³ app/controllers/books_controller.rb:23
  Rendering books/edit.html.erb within layouts/application
  Rendered books/_form.html.erb (2.0ms)
  Rendered books/edit.html.erb within layouts/application (3.0ms)
Completed 200 OK in 35ms (Views: 32.7ms | ActiveRecord: 0.1ms)


Started GET "/books/1" for 111.239.172.139 at 2021-12-29 04:33:34 +0000
Cannot render console from 111.239.172.139! Allowed networks: 127.0.0.1, ::1, 127.0.0.0/127.255.255.255
Processing by BooksController#show as HTML
  Parameters: {"id"=>"1"}
  [1m[36mBook Load (0.1ms)[0m  [1m[34mSELECT  "books".* FROM "books" WHERE "books"."id" = ? LIMIT ?[0m  [["id", 1], ["LIMIT", 1]]
  â†³ app/controllers/books_controller.rb:19
  Rendering books/show.html.erb within layouts/application
  Rendered books/show.html.erb within layouts/application (0.7ms)
Completed 200 OK in 21ms (Views: 18.9ms | ActiveRecord: 0.1ms)


Started GET "/books" for 111.239.172.139 at 2021-12-29 04:33:36 +0000
Cannot render console from 111.239.172.139! Allowed networks: 127.0.0.1, ::1, 127.0.0.0/127.255.255.255
Processing by BooksController#index as HTML
  Rendering books/index.html.erb within layouts/application
  [1m[36mBook Load (1.1ms)[0m  [1m[34mSELECT "books".* FROM "books"[0m
  â†³ app/views/books/index.html.erb:13
  Rendered books/index.html.erb within layouts/application (3.4ms)
Completed 500 Internal Server Error in 6ms (ActiveRecord: 1.1ms)


  
ActionView::Template::Error (No route matches {:action=>"edit", :controller=>"books"}, missing required keys: [:id]):
    15:         <td><%= book.title %></td>
    16:         <td><%= book.body %></td>
    17:         <td><%= link_to 'Show', book, class: "show_#{book.id}" %></td>
    18:         <td><%= link_to 'Edit', edit_book_path, class: "edit_#{book.id}" %></td>
    19:         <td><%= link_to 'Destroy', book, method: :delete, data: { confirm: 'Are you sure?' }, class: "destroy_#{book.id}" %></td>
    20:       </tr>
    21:     <% end %>
  
app/views/books/index.html.erb:18:in `block in _app_views_books_index_html_erb__1089626610020294998_70140651193460'
app/views/books/index.html.erb:13:in `_app_views_books_index_html_erb__1089626610020294998_70140651193460'
Started GET "/books" for 111.239.172.139 at 2021-12-29 05:53:25 +0000
Cannot render console from 111.239.172.139! Allowed networks: 127.0.0.1, ::1, 127.0.0.0/127.255.255.255
Processing by BooksController#index as HTML
  Rendering books/index.html.erb within layouts/application
  [1m[36mBook Load (0.1ms)[0m  [1m[34mSELECT "books".* FROM "books"[0m
  â†³ app/views/books/index.html.erb:13
  Rendered books/index.html.erb within layouts/application (2.0ms)
Completed 500 Internal Server Error in 4ms (ActiveRecord: 0.1ms)


  
ActionView::Template::Error (No route matches {:action=>"edit", :controller=>"books"}, missing required keys: [:id]):
    15:         <td><%= book.title %></td>
    16:         <td><%= book.body %></td>
    17:         <td><%= link_to 'Show', book, class: "show_#{book.id}" %></td>
    18:         <td><%= link_to 'Edit', edit_book_path, class: "edit_#{book.id}" %></td>
    19:         <td><%= link_to 'Destroy', book, method: :delete, data: { confirm: 'Are you sure?' }, class: "destroy_#{book.id}" %></td>
    20:       </tr>
    21:     <% end %>
  
app/views/books/index.html.erb:18:in `block in _app_views_books_index_html_erb__1089626610020294998_70140508194380'
app/views/books/index.html.erb:13:in `_app_views_books_index_html_erb__1089626610020294998_70140508194380'
Started GET "/books" for 111.239.172.139 at 2021-12-29 06:03:32 +0000
Cannot render console from 111.239.172.139! Allowed networks: 127.0.0.1, ::1, 127.0.0.0/127.255.255.255
Processing by BooksController#index as HTML
  Rendering books/index.html.erb within layouts/application
  [1m[36mBook Load (0.1ms)[0m  [1m[34mSELECT "books".* FROM "books"[0m
  â†³ app/views/books/index.html.erb:13
  Rendered books/_form.html.erb (1.3ms)
  Rendered books/index.html.erb within layouts/application (3.2ms)
Completed 200 OK in 15ms (Views: 13.6ms | ActiveRecord: 0.1ms)


Started DELETE "/books/1" for 111.239.172.139 at 2021-12-29 06:03:41 +0000
Cannot render console from 111.239.172.139! Allowed networks: 127.0.0.1, ::1, 127.0.0.0/127.255.255.255
Processing by BooksController#destroy as HTML
  Parameters: {"authenticity_token"=>"t0xW5CRttKrgvCaOrsuhwmSdcU-LZ7n6aGmCfFYBUCR_6RaBmddp5DTWcqIDvRb4sB1Ee7hgdtQlGdWFCZ4h0Q", "id"=>"1"}
  [1m[36mBook Load (0.2ms)[0m  [1m[34mSELECT  "books".* FROM "books" WHERE "books"."id" = ? LIMIT ?[0m  [["id", 1], ["LIMIT", 1]]
  â†³ app/controllers/books_controller.rb:37
  [1m[35m (0.1ms)[0m  [1m[36mbegin transaction[0m
  â†³ app/controllers/books_controller.rb:38
  [1m[36mBook Destroy (0.2ms)[0m  [1m[31mDELETE FROM "books" WHERE "books"."id" = ?[0m  [["id", 1]]
  â†³ app/controllers/books_controller.rb:38
  [1m[35m (3.0ms)[0m  [1m[36mcommit transaction[0m
  â†³ app/controllers/books_controller.rb:38
Redirected to https://f5052807bda94322a481b932efee0319.vfs.cloud9.us-east-1.amazonaws.com/books
Completed 302 Found in 7ms (ActiveRecord: 3.5ms)


Started GET "/books" for 111.239.172.139 at 2021-12-29 06:03:41 +0000
Cannot render console from 111.239.172.139! Allowed networks: 127.0.0.1, ::1, 127.0.0.0/127.255.255.255
Processing by BooksController#index as HTML
  Rendering books/index.html.erb within layouts/application
  [1m[36mBook Load (0.1ms)[0m  [1m[34mSELECT "books".* FROM "books"[0m
  â†³ app/views/books/index.html.erb:13
  Rendered books/_form.html.erb (1.4ms)
  Rendered books/index.html.erb within layouts/application (2.9ms)
Completed 200 OK in 14ms (Views: 13.2ms | ActiveRecord: 0.1ms)


Started POST "/books" for 111.239.172.139 at 2021-12-29 06:05:49 +0000
Cannot render console from 111.239.172.139! Allowed networks: 127.0.0.1, ::1, 127.0.0.0/127.255.255.255
Processing by BooksController#create as HTML
  Parameters: {"utf8"=>"âœ“", "authenticity_token"=>"Svu-7lhAoA0PJgkloWK38UZ58He7ifPrtw3cyl9EXWyCXv6L5fp9Q9tMXQkMFADLkvnFQ4iOPMX6fYszANssmQ", "book"=>{"title"=>"koookok", "body"=>"hiojhoij"}, "commit"=>"Create Book"}
  [1m[35m (0.1ms)[0m  [1m[36mbegin transaction[0m
  â†³ app/controllers/books_controller.rb:10
  [1m[36mBook Create (0.6ms)[0m  [1m[32mINSERT INTO "books" ("created_at", "updated_at", "title", "body") VALUES (?, ?, ?, ?)[0m  [["created_at", "2021-12-29 06:05:49.189991"], ["updated_at", "2021-12-29 06:05:49.189991"], ["title", "koookok"], ["body", "hiojhoij"]]
  â†³ app/controllers/books_controller.rb:10
  [1m[35m (3.3ms)[0m  [1m[36mcommit transaction[0m
  â†³ app/controllers/books_controller.rb:10
Redirected to https://f5052807bda94322a481b932efee0319.vfs.cloud9.us-east-1.amazonaws.com/books/1
Completed 302 Found in 8ms (ActiveRecord: 4.0ms)


Started GET "/books/1" for 111.239.172.139 at 2021-12-29 06:05:49 +0000
Cannot render console from 111.239.172.139! Allowed networks: 127.0.0.1, ::1, 127.0.0.0/127.255.255.255
Processing by BooksController#show as HTML
  Parameters: {"id"=>"1"}
  [1m[36mBook Load (0.1ms)[0m  [1m[34mSELECT  "books".* FROM "books" WHERE "books"."id" = ? LIMIT ?[0m  [["id", 1], ["LIMIT", 1]]
  â†³ app/controllers/books_controller.rb:19
  Rendering books/show.html.erb within layouts/application
  Rendered books/show.html.erb within layouts/application (0.6ms)
Completed 200 OK in 12ms (Views: 11.0ms | ActiveRecord: 0.1ms)


Started GET "/books/1/edit" for 111.239.172.139 at 2021-12-29 06:05:52 +0000
Cannot render console from 111.239.172.139! Allowed networks: 127.0.0.1, ::1, 127.0.0.0/127.255.255.255
Processing by BooksController#edit as HTML
  Parameters: {"id"=>"1"}
  [1m[36mBook Load (0.1ms)[0m  [1m[34mSELECT  "books".* FROM "books" WHERE "books"."id" = ? LIMIT ?[0m  [["id", 1], ["LIMIT", 1]]
  â†³ app/controllers/books_controller.rb:23
  Rendering books/edit.html.erb within layouts/application
  Rendered books/_form.html.erb (1.4ms)
  Rendered books/edit.html.erb within layouts/application (2.3ms)
Completed 200 OK in 14ms (Views: 12.6ms | ActiveRecord: 0.1ms)


Started GET "/books/1/edit?utf8=%E2%9C%93&_method=patch&authenticity_token=LnxpAWrHqt6u1gJ-tQMQGfuvwF6N1iC5yK7S-yMAbnDnO8y04SAaCVcnEmvQ5R6nEgUMwOJQKE0yh060_Nwsqw&book%5Btitle%5D=koookok&book%5Bbody%5D=hiojhoijkoko&commit=Update+Book" for 111.239.172.139 at 2021-12-29 06:05:56 +0000
Cannot render console from 111.239.172.139! Allowed networks: 127.0.0.1, ::1, 127.0.0.0/127.255.255.255
Processing by BooksController#edit as HTML
  Parameters: {"utf8"=>"âœ“", "authenticity_token"=>"LnxpAWrHqt6u1gJ-tQMQGfuvwF6N1iC5yK7S-yMAbnDnO8y04SAaCVcnEmvQ5R6nEgUMwOJQKE0yh060_Nwsqw", "book"=>{"title"=>"koookok", "body"=>"hiojhoijkoko"}, "commit"=>"Update Book", "id"=>"1"}
  [1m[36mBook Load (0.1ms)[0m  [1m[34mSELECT  "books".* FROM "books" WHERE "books"."id" = ? LIMIT ?[0m  [["id", 1], ["LIMIT", 1]]
  â†³ app/controllers/books_controller.rb:23
  Rendering books/edit.html.erb within layouts/application
  Rendered books/_form.html.erb (1.4ms)
  Rendered books/edit.html.erb within layouts/application (2.4ms)
Completed 200 OK in 14ms (Views: 12.9ms | ActiveRecord: 0.1ms)


Started GET "/books/1/edit?utf8=%E2%9C%93&_method=patch&authenticity_token=hnBMfvee90vP_i9bY-PXOBaqS5hTxwJfidwh3QDh3vpO1QwbSiQqBRuUe3fOlWACwip-rGDAzXHErHYkX36vDw&book%5Btitle%5D=koookok&book%5Bbody%5D=hiojhoij&commit=Update+Book" for 111.239.172.139 at 2021-12-29 06:05:57 +0000
Cannot render console from 111.239.172.139! Allowed networks: 127.0.0.1, ::1, 127.0.0.0/127.255.255.255
Processing by BooksController#edit as HTML
  Parameters: {"utf8"=>"âœ“", "authenticity_token"=>"hnBMfvee90vP_i9bY-PXOBaqS5hTxwJfidwh3QDh3vpO1QwbSiQqBRuUe3fOlWACwip-rGDAzXHErHYkX36vDw", "book"=>{"title"=>"koookok", "body"=>"hiojhoij"}, "commit"=>"Update Book", "id"=>"1"}
  [1m[36mBook Load (0.1ms)[0m  [1m[34mSELECT  "books".* FROM "books" WHERE "books"."id" = ? LIMIT ?[0m  [["id", 1], ["LIMIT", 1]]
  â†³ app/controllers/books_controller.rb:23
  Rendering books/edit.html.erb within layouts/application
  Rendered books/_form.html.erb (1.4ms)
  Rendered books/edit.html.erb within layouts/application (2.3ms)
Completed 200 OK in 14ms (Views: 12.7ms | ActiveRecord: 0.1ms)


Started GET "/books/1/edit?utf8=%E2%9C%93&_method=patch&authenticity_token=rPA4DXP5ZhqU0TXvwKKQ1nT7i4kqagTgVryqBbEeNSFkVXhozkO7VEC7YcNt1CfsoHu-vRlty84bzP387oFE1A&book%5Btitle%5D=koookok&book%5Bbody%5D=hiojhoij&commit=Update+Book" for 111.239.172.139 at 2021-12-29 06:05:58 +0000
Cannot render console from 111.239.172.139! Allowed networks: 127.0.0.1, ::1, 127.0.0.0/127.255.255.255
Processing by BooksController#edit as HTML
  Parameters: {"utf8"=>"âœ“", "authenticity_token"=>"rPA4DXP5ZhqU0TXvwKKQ1nT7i4kqagTgVryqBbEeNSFkVXhozkO7VEC7YcNt1CfsoHu-vRlty84bzP387oFE1A", "book"=>{"title"=>"koookok", "body"=>"hiojhoij"}, "commit"=>"Update Book", "id"=>"1"}
  [1m[36mBook Load (0.1ms)[0m  [1m[34mSELECT  "books".* FROM "books" WHERE "books"."id" = ? LIMIT ?[0m  [["id", 1], ["LIMIT", 1]]
  â†³ app/controllers/books_controller.rb:23
  Rendering books/edit.html.erb within layouts/application
  Rendered books/_form.html.erb (1.4ms)
  Rendered books/edit.html.erb within layouts/application (2.3ms)
Completed 200 OK in 18ms (Views: 16.2ms | ActiveRecord: 0.1ms)


Started GET "/books/1" for 111.239.172.139 at 2021-12-29 06:05:59 +0000
Cannot render console from 111.239.172.139! Allowed networks: 127.0.0.1, ::1, 127.0.0.0/127.255.255.255
Processing by BooksController#show as HTML
  Parameters: {"id"=>"1"}
  [1m[36mBook Load (0.1ms)[0m  [1m[34mSELECT  "books".* FROM "books" WHERE "books"."id" = ? LIMIT ?[0m  [["id", 1], ["LIMIT", 1]]
  â†³ app/controllers/books_controller.rb:19
  Rendering books/show.html.erb within layouts/application
  Rendered books/show.html.erb within layouts/application (0.6ms)
Completed 200 OK in 12ms (Views: 10.9ms | ActiveRecord: 0.1ms)


Started GET "/books/1/edit" for 111.239.172.139 at 2021-12-29 06:06:02 +0000
Cannot render console from 111.239.172.139! Allowed networks: 127.0.0.1, ::1, 127.0.0.0/127.255.255.255
Processing by BooksController#edit as HTML
  Parameters: {"id"=>"1"}
  [1m[36mBook Load (0.1ms)[0m  [1m[34mSELECT  "books".* FROM "books" WHERE "books"."id" = ? LIMIT ?[0m  [["id", 1], ["LIMIT", 1]]
  â†³ app/controllers/books_controller.rb:23
  Rendering books/edit.html.erb within layouts/application
  Rendered books/_form.html.erb (1.5ms)
  Rendered books/edit.html.erb within layouts/application (2.4ms)
Completed 200 OK in 14ms (Views: 12.9ms | ActiveRecord: 0.1ms)


Started GET "/books/1/edit?utf8=%E2%9C%93&_method=patch&authenticity_token=tFb6omd1WBP5vlO2QBGO4Icf33FXcO-QjZ17e8HBXBN9EV8X7JLoxABPQ6Ml94BebrUT7zj252R3tOc0Hh0eyA&book%5Btitle%5D=koookok&book%5Bbody%5D=hiojhoijpppppp&commit=Update+Book" for 111.239.172.139 at 2021-12-29 06:06:06 +0000
Cannot render console from 111.239.172.139! Allowed networks: 127.0.0.1, ::1, 127.0.0.0/127.255.255.255
Processing by BooksController#edit as HTML
  Parameters: {"utf8"=>"âœ“", "authenticity_token"=>"tFb6omd1WBP5vlO2QBGO4Icf33FXcO-QjZ17e8HBXBN9EV8X7JLoxABPQ6Ml94BebrUT7zj252R3tOc0Hh0eyA", "book"=>{"title"=>"koookok", "body"=>"hiojhoijpppppp"}, "commit"=>"Update Book", "id"=>"1"}
  [1m[36mBook Load (0.1ms)[0m  [1m[34mSELECT  "books".* FROM "books" WHERE "books"."id" = ? LIMIT ?[0m  [["id", 1], ["LIMIT", 1]]
  â†³ app/controllers/books_controller.rb:23
  Rendering books/edit.html.erb within layouts/application
  Rendered books/_form.html.erb (1.5ms)
  Rendered books/edit.html.erb within layouts/application (2.4ms)
Completed 200 OK in 32ms (Views: 30.6ms | ActiveRecord: 0.1ms)


Started GET "/books/1" for 111.239.172.139 at 2021-12-29 06:06:08 +0000
Cannot render console from 111.239.172.139! Allowed networks: 127.0.0.1, ::1, 127.0.0.0/127.255.255.255
Processing by BooksController#show as HTML
  Parameters: {"id"=>"1"}
  [1m[36mBook Load (0.1ms)[0m  [1m[34mSELECT  "books".* FROM "books" WHERE "books"."id" = ? LIMIT ?[0m  [["id", 1], ["LIMIT", 1]]
  â†³ app/controllers/books_controller.rb:19
  Rendering books/show.html.erb within layouts/application
  Rendered books/show.html.erb within layouts/application (0.6ms)
Completed 200 OK in 13ms (Views: 11.4ms | ActiveRecord: 0.1ms)


  [1m[35m (0.1ms)[0m  [1m[34mSELECT "schema_migrations"."version" FROM "schema_migrations" ORDER BY "schema_migrations"."version" ASC[0m
  â†³ bin/rails:9
  [1m[36mActiveRecord::InternalMetadata Load (0.1ms)[0m  [1m[34mSELECT  "ar_internal_metadata".* FROM "ar_internal_metadata" WHERE "ar_internal_metadata"."key" = ? LIMIT ?[0m  [["key", "environment"], ["LIMIT", 1]]
  â†³ bin/rails:9
  [1m[35m (0.0ms)[0m  [1m[36mbegin transaction[0m
  â†³ bin/rails:9
  [1m[35m (0.0ms)[0m  [1m[36mcommit transaction[0m
  â†³ bin/rails:9
  [1m[35m (0.1ms)[0m  [1m[34mSELECT "schema_migrations"."version" FROM "schema_migrations" ORDER BY "schema_migrations"."version" ASC[0m
  â†³ bin/rails:9
  [1m[35m (0.8ms)[0m  [1m[34mSELECT "schema_migrations"."version" FROM "schema_migrations" ORDER BY "schema_migrations"."version" ASC[0m
  â†³ bin/rails:9
  [1m[36mActiveRecord::InternalMetadata Load (0.1ms)[0m  [1m[34mSELECT  "ar_internal_metadata".* FROM "ar_internal_metadata" WHERE "ar_internal_metadata"."key" = ? LIMIT ?[0m  [["key", "environment"], ["LIMIT", 1]]
  â†³ bin/rails:9
  [1m[35m (0.0ms)[0m  [1m[36mbegin transaction[0m
  â†³ bin/rails:9
  [1m[35m (0.0ms)[0m  [1m[36mcommit transaction[0m
  â†³ bin/rails:9
  [1m[35m (0.1ms)[0m  [1m[34mSELECT "schema_migrations"."version" FROM "schema_migrations" ORDER BY "schema_migrations"."version" ASC[0m
  â†³ bin/rails:9
Started GET "/books/1" for 111.239.172.139 at 2021-12-29 06:10:34 +0000
Cannot render console from 111.239.172.139! Allowed networks: 127.0.0.1, ::1, 127.0.0.0/127.255.255.255
  [1m[35m (0.1ms)[0m  [1m[34mSELECT "schema_migrations"."version" FROM "schema_migrations" ORDER BY "schema_migrations"."version" ASC[0m
  â†³ /home/ec2-user/.rvm/gems/ruby-2.6.3/gems/activerecord-5.2.5/lib/active_record/log_subscriber.rb:98
Processing by BooksController#show as HTML
  Parameters: {"id"=>"1"}
  [1m[36mBook Load (0.1ms)[0m  [1m[34mSELECT  "books".* FROM "books" WHERE "books"."id" = ? LIMIT ?[0m  [["id", 1], ["LIMIT", 1]]
  â†³ app/controllers/books_controller.rb:19
  Rendering books/show.html.erb within layouts/application
  Rendered books/show.html.erb within layouts/application (0.7ms)
Completed 200 OK in 169ms (Views: 153.4ms | ActiveRecord: 0.5ms)


Started GET "/books" for 111.239.172.139 at 2021-12-29 06:10:38 +0000
Cannot render console from 111.239.172.139! Allowed networks: 127.0.0.1, ::1, 127.0.0.0/127.255.255.255
Processing by BooksController#index as HTML
  Rendering books/index.html.erb within layouts/application
  [1m[36mBook Load (0.1ms)[0m  [1m[34mSELECT "books".* FROM "books"[0m
  â†³ app/views/books/index.html.erb:13
  Rendered books/_form.html.erb (4.0ms)
  Rendered books/index.html.erb within layouts/application (6.1ms)
Completed 200 OK in 18ms (Views: 17.0ms | ActiveRecord: 0.1ms)


Started POST "/books" for 111.239.172.139 at 2021-12-29 06:10:50 +0000
Cannot render console from 111.239.172.139! Allowed networks: 127.0.0.1, ::1, 127.0.0.0/127.255.255.255
Processing by BooksController#create as HTML
  Parameters: {"utf8"=>"âœ“", "authenticity_token"=>"0LN7poK2f_lcLYOX9F9c-y2R2EJO_48OAGFdnzj1BAo-vUGq7gjGtv3JTmFVBeBH1RQD-OpHk-BH5tTOKdpZbw", "book"=>{"title"=>"ã¡ã‚“ã“", "body"=>"jj"}, "commit"=>"Create Book"}
  [1m[35m (0.1ms)[0m  [1m[36mbegin transaction[0m
  â†³ app/controllers/books_controller.rb:10
  [1m[36mBook Create (0.3ms)[0m  [1m[32mINSERT INTO "books" ("created_at", "updated_at", "title", "body") VALUES (?, ?, ?, ?)[0m  [["created_at", "2021-12-29 06:10:50.124703"], ["updated_at", "2021-12-29 06:10:50.124703"], ["title", "ã¡ã‚“ã“"], ["body", "jj"]]
  â†³ app/controllers/books_controller.rb:10
  [1m[35m (3.1ms)[0m  [1m[36mcommit transaction[0m
  â†³ app/controllers/books_controller.rb:10
Redirected to https://f5052807bda94322a481b932efee0319.vfs.cloud9.us-east-1.amazonaws.com/books/2
Completed 302 Found in 7ms (ActiveRecord: 3.4ms)


Started GET "/books/2" for 111.239.172.139 at 2021-12-29 06:10:50 +0000
Cannot render console from 111.239.172.139! Allowed networks: 127.0.0.1, ::1, 127.0.0.0/127.255.255.255
Processing by BooksController#show as HTML
  Parameters: {"id"=>"2"}
  [1m[36mBook Load (0.1ms)[0m  [1m[34mSELECT  "books".* FROM "books" WHERE "books"."id" = ? LIMIT ?[0m  [["id", 2], ["LIMIT", 1]]
  â†³ app/controllers/books_controller.rb:19
  Rendering books/show.html.erb within layouts/application
  Rendered books/show.html.erb within layouts/application (0.7ms)
Completed 200 OK in 13ms (Views: 11.5ms | ActiveRecord: 0.1ms)


Started GET "/books" for 111.239.172.139 at 2021-12-29 06:10:52 +0000
Cannot render console from 111.239.172.139! Allowed networks: 127.0.0.1, ::1, 127.0.0.0/127.255.255.255
Processing by BooksController#index as HTML
  Rendering books/index.html.erb within layouts/application
  [1m[36mBook Load (0.1ms)[0m  [1m[34mSELECT "books".* FROM "books"[0m
  â†³ app/views/books/index.html.erb:13
  Rendered books/_form.html.erb (1.4ms)
  Rendered books/index.html.erb within layouts/application (3.4ms)
Completed 200 OK in 15ms (Views: 14.1ms | ActiveRecord: 0.1ms)


Started GET "/books/2/edit" for 111.239.172.139 at 2021-12-29 06:10:54 +0000
Cannot render console from 111.239.172.139! Allowed networks: 127.0.0.1, ::1, 127.0.0.0/127.255.255.255
Processing by BooksController#edit as HTML
  Parameters: {"id"=>"2"}
  [1m[36mBook Load (0.1ms)[0m  [1m[34mSELECT  "books".* FROM "books" WHERE "books"."id" = ? LIMIT ?[0m  [["id", 2], ["LIMIT", 1]]
  â†³ app/controllers/books_controller.rb:23
  Rendering books/edit.html.erb within layouts/application
  Rendered books/_form.html.erb (1.5ms)
  Rendered books/edit.html.erb within layouts/application (2.4ms)
Completed 200 OK in 15ms (Views: 13.2ms | ActiveRecord: 0.1ms)


Started GET "/books/2/edit?utf8=%E2%9C%93&_method=patch&authenticity_token=_qW6cHA3xd2cCUbHSJpTojJVLC6yWhuhb8gSxsJOzxkWK9a3SW8h2YSnzIs2lWNGvTI-7whz2_v2lTqd-kg6mg&book%5Btitle%5D=%E3%81%A1%E3%82%93%E3%81%93&book%5Bbody%5D=jjjj&commit=Update+Book" for 111.239.172.139 at 2021-12-29 06:11:01 +0000
Cannot render console from 111.239.172.139! Allowed networks: 127.0.0.1, ::1, 127.0.0.0/127.255.255.255
Processing by BooksController#edit as HTML
  Parameters: {"utf8"=>"âœ“", "authenticity_token"=>"_qW6cHA3xd2cCUbHSJpTojJVLC6yWhuhb8gSxsJOzxkWK9a3SW8h2YSnzIs2lWNGvTI-7whz2_v2lTqd-kg6mg", "book"=>{"title"=>"ã¡ã‚“ã“", "body"=>"jjjj"}, "commit"=>"Update Book", "id"=>"2"}
  [1m[36mBook Load (0.1ms)[0m  [1m[34mSELECT  "books".* FROM "books" WHERE "books"."id" = ? LIMIT ?[0m  [["id", 2], ["LIMIT", 1]]
  â†³ app/controllers/books_controller.rb:23
  Rendering books/edit.html.erb within layouts/application
  Rendered books/_form.html.erb (1.5ms)
  Rendered books/edit.html.erb within layouts/application (2.6ms)
Completed 200 OK in 16ms (Views: 13.6ms | ActiveRecord: 0.1ms)


Started GET "/books/2/edit?utf8=%E2%9C%93&_method=patch&authenticity_token=hqdZ5hIJIDe-7nZqGRHInVGyod86jXQ3YmnvhtFFy_dOAhmDr7P9eWqEIka0Z3-nhTKU6wmKuxkvGbh_jtq6Ag&book%5Btitle%5D=%E3%81%A1%E3%82%93%E3%81%93&book%5Bbody%5D=jj&commit=Update+Book" for 111.239.172.139 at 2021-12-29 06:11:03 +0000
Cannot render console from 111.239.172.139! Allowed networks: 127.0.0.1, ::1, 127.0.0.0/127.255.255.255
Processing by BooksController#edit as HTML
  Parameters: {"utf8"=>"âœ“", "authenticity_token"=>"hqdZ5hIJIDe-7nZqGRHInVGyod86jXQ3YmnvhtFFy_dOAhmDr7P9eWqEIka0Z3-nhTKU6wmKuxkvGbh_jtq6Ag", "book"=>{"title"=>"ã¡ã‚“ã“", "body"=>"jj"}, "commit"=>"Update Book", "id"=>"2"}
  [1m[36mBook Load (0.1ms)[0m  [1m[34mSELECT  "books".* FROM "books" WHERE "books"."id" = ? LIMIT ?[0m  [["id", 2], ["LIMIT", 1]]
  â†³ app/controllers/books_controller.rb:23
  Rendering books/edit.html.erb within layouts/application
  Rendered books/_form.html.erb (1.5ms)
  Rendered books/edit.html.erb within layouts/application (2.4ms)
Completed 200 OK in 14ms (Views: 13.1ms | ActiveRecord: 0.1ms)


Started GET "/books/2/edit?utf8=%E2%9C%93&_method=patch&authenticity_token=8XGhxcsFunV284r4_IXOKqQUr_7KGrdzaal9plqdIJI51OGgdr9nO6KZ3tRR83kQcJSayvkdeF0k2SpfBQJRZw&book%5Btitle%5D=%E3%81%A1%E3%82%93%E3%81%93&book%5Bbody%5D=jjjjjj&commit=Update+Book" for 111.239.172.139 at 2021-12-29 06:13:10 +0000
Cannot render console from 111.239.172.139! Allowed networks: 127.0.0.1, ::1, 127.0.0.0/127.255.255.255
Processing by BooksController#edit as HTML
  Parameters: {"utf8"=>"âœ“", "authenticity_token"=>"8XGhxcsFunV284r4_IXOKqQUr_7KGrdzaal9plqdIJI51OGgdr9nO6KZ3tRR83kQcJSayvkdeF0k2SpfBQJRZw", "book"=>{"title"=>"ã¡ã‚“ã“", "body"=>"jjjjjj"}, "commit"=>"Update Book", "id"=>"2"}
  [1m[36mBook Load (0.1ms)[0m  [1m[34mSELECT  "books".* FROM "books" WHERE "books"."id" = ? LIMIT ?[0m  [["id", 2], ["LIMIT", 1]]
  â†³ app/controllers/books_controller.rb:23
  Rendering books/edit.html.erb within layouts/application
  Rendered books/_form.html.erb (1.6ms)
  Rendered books/edit.html.erb within layouts/application (2.5ms)
Completed 200 OK in 19ms (Views: 13.3ms | ActiveRecord: 0.5ms)


Started GET "/books/2/edit?utf8=%E2%9C%93&_method=patch&authenticity_token=8XGhxcsFunV284r4_IXOKqQUr_7KGrdzaal9plqdIJI51OGgdr9nO6KZ3tRR83kQcJSayvkdeF0k2SpfBQJRZw&book%5Btitle%5D=%E3%81%A1%E3%82%93%E3%81%93&book%5Bbody%5D=jjjjjj&commit=Update+Book" for 111.239.172.139 at 2021-12-29 06:19:53 +0000
Cannot render console from 111.239.172.139! Allowed networks: 127.0.0.1, ::1, 127.0.0.0/127.255.255.255
  [1m[35m (0.1ms)[0m  [1m[34mSELECT "schema_migrations"."version" FROM "schema_migrations" ORDER BY "schema_migrations"."version" ASC[0m
  â†³ /home/ec2-user/.rvm/gems/ruby-2.6.3/gems/activerecord-5.2.5/lib/active_record/log_subscriber.rb:98
Processing by BooksController#edit as HTML
  Parameters: {"utf8"=>"âœ“", "authenticity_token"=>"8XGhxcsFunV284r4_IXOKqQUr_7KGrdzaal9plqdIJI51OGgdr9nO6KZ3tRR83kQcJSayvkdeF0k2SpfBQJRZw", "book"=>{"title"=>"ã¡ã‚“ã“", "body"=>"jjjjjj"}, "commit"=>"Update Book", "id"=>"2"}
  [1m[36mBook Load (0.1ms)[0m  [1m[34mSELECT  "books".* FROM "books" WHERE "books"."id" = ? LIMIT ?[0m  [["id", 2], ["LIMIT", 1]]
  â†³ app/controllers/books_controller.rb:23
  Rendering books/edit.html.erb within layouts/application
  Rendered books/_form.html.erb (10.1ms)
  Rendered books/edit.html.erb within layouts/application (12.5ms)
Completed 200 OK in 178ms (Views: 161.9ms | ActiveRecord: 0.5ms)


Started GET "/books/2/edit?utf8=%E2%9C%93&_method=patch&authenticity_token=GVMqMkXuUCBIHlHfEjRsSlbKkmvUzfJCdXW9VEgSMW3R9mpX-FSNbpx0BfO_QttwgkqnX-fKPWw4BeqtF41AmA&book%5Btitle%5D=%E3%81%A1%E3%82%93%E3%81%93&book%5Bbody%5D=jjjjj&commit=Update+Book" for 111.239.172.139 at 2021-12-29 06:20:00 +0000
Cannot render console from 111.239.172.139! Allowed networks: 127.0.0.1, ::1, 127.0.0.0/127.255.255.255
Processing by BooksController#edit as HTML
  Parameters: {"utf8"=>"âœ“", "authenticity_token"=>"GVMqMkXuUCBIHlHfEjRsSlbKkmvUzfJCdXW9VEgSMW3R9mpX-FSNbpx0BfO_QttwgkqnX-fKPWw4BeqtF41AmA", "book"=>{"title"=>"ã¡ã‚“ã“", "body"=>"jjjjj"}, "commit"=>"Update Book", "id"=>"2"}
  [1m[36mBook Load (0.1ms)[0m  [1m[34mSELECT  "books".* FROM "books" WHERE "books"."id" = ? LIMIT ?[0m  [["id", 2], ["LIMIT", 1]]
  â†³ app/controllers/books_controller.rb:23
  Rendering books/edit.html.erb within layouts/application
  Rendered books/_form.html.erb (1.5ms)
  Rendered books/edit.html.erb within layouts/application (2.6ms)
Completed 200 OK in 15ms (Views: 13.5ms | ActiveRecord: 0.1ms)


Started GET "/books/2/edit?utf8=%E2%9C%93&_method=patch&authenticity_token=GVMqMkXuUCBIHlHfEjRsSlbKkmvUzfJCdXW9VEgSMW3R9mpX-FSNbpx0BfO_QttwgkqnX-fKPWw4BeqtF41AmA&book%5Btitle%5D=%E3%81%A1%E3%82%93%E3%81%93&book%5Bbody%5D=jjjjj&commit=Update+Book" for 111.239.172.139 at 2021-12-29 06:21:22 +0000
Cannot render console from 111.239.172.139! Allowed networks: 127.0.0.1, ::1, 127.0.0.0/127.255.255.255
  [1m[35m (0.1ms)[0m  [1m[34mSELECT "schema_migrations"."version" FROM "schema_migrations" ORDER BY "schema_migrations"."version" ASC[0m
  â†³ /home/ec2-user/.rvm/gems/ruby-2.6.3/gems/activerecord-5.2.5/lib/active_record/log_subscriber.rb:98
Processing by BooksController#edit as HTML
  Parameters: {"utf8"=>"âœ“", "authenticity_token"=>"GVMqMkXuUCBIHlHfEjRsSlbKkmvUzfJCdXW9VEgSMW3R9mpX-FSNbpx0BfO_QttwgkqnX-fKPWw4BeqtF41AmA", "book"=>{"title"=>"ã¡ã‚“ã“", "body"=>"jjjjj"}, "commit"=>"Update Book", "id"=>"2"}
  [1m[36mBook Load (0.1ms)[0m  [1m[34mSELECT  "books".* FROM "books" WHERE "books"."id" = ? LIMIT ?[0m  [["id", 2], ["LIMIT", 1]]
  â†³ app/controllers/books_controller.rb:23
  Rendering books/edit.html.erb within layouts/application
  Rendered books/_form.html.erb (9.3ms)
  Rendered books/edit.html.erb within layouts/application (11.2ms)
Completed 200 OK in 171ms (Views: 156.1ms | ActiveRecord: 0.5ms)


Started GET "/books/2/edit?utf8=%E2%9C%93&_method=patch&authenticity_token=4DiVg0Os9vrnOAvtLYDZd-6E48E2brNbZBsQ2OzL00EondXm_hYrtDNSX8GA9m5NOgTW9QVpfHUpa0chs1SitA&book%5Btitle%5D=%E3%81%A1%E3%82%93%E3%81%93&book%5Bbody%5D=jjjjj&commit=Update+Book" for 111.239.172.139 at 2021-12-29 06:21:26 +0000
Cannot render console from 111.239.172.139! Allowed networks: 127.0.0.1, ::1, 127.0.0.0/127.255.255.255
Processing by BooksController#edit as HTML
  Parameters: {"utf8"=>"âœ“", "authenticity_token"=>"4DiVg0Os9vrnOAvtLYDZd-6E48E2brNbZBsQ2OzL00EondXm_hYrtDNSX8GA9m5NOgTW9QVpfHUpa0chs1SitA", "book"=>{"title"=>"ã¡ã‚“ã“", "body"=>"jjjjj"}, "commit"=>"Update Book", "id"=>"2"}
  [1m[36mBook Load (0.1ms)[0m  [1m[34mSELECT  "books".* FROM "books" WHERE "books"."id" = ? LIMIT ?[0m  [["id", 2], ["LIMIT", 1]]
  â†³ app/controllers/books_controller.rb:23
  Rendering books/edit.html.erb within layouts/application
  Rendered books/_form.html.erb (1.5ms)
  Rendered books/edit.html.erb within layouts/application (2.4ms)
Completed 200 OK in 15ms (Views: 13.5ms | ActiveRecord: 0.1ms)


Started GET "/books/2/edit?utf8=%E2%9C%93&_method=patch&authenticity_token=SdETjbL_hbQKukMeisgloUaLZ0da2w6GBRctJMKbi7uBdFPoD0VY-t7QFzInvpKbkgtSc2ncwahIZ3rdnQT6Tg&book%5Btitle%5D=%E3%81%A1%E3%82%93%E3%81%93&book%5Bbody%5D=jj&commit=Update+Book" for 111.239.172.139 at 2021-12-29 06:21:27 +0000
Cannot render console from 111.239.172.139! Allowed networks: 127.0.0.1, ::1, 127.0.0.0/127.255.255.255
Processing by BooksController#edit as HTML
  Parameters: {"utf8"=>"âœ“", "authenticity_token"=>"SdETjbL_hbQKukMeisgloUaLZ0da2w6GBRctJMKbi7uBdFPoD0VY-t7QFzInvpKbkgtSc2ncwahIZ3rdnQT6Tg", "book"=>{"title"=>"ã¡ã‚“ã“", "body"=>"jj"}, "commit"=>"Update Book", "id"=>"2"}
  [1m[36mBook Load (0.1ms)[0m  [1m[34mSELECT  "books".* FROM "books" WHERE "books"."id" = ? LIMIT ?[0m  [["id", 2], ["LIMIT", 1]]
  â†³ app/controllers/books_controller.rb:23
  Rendering books/edit.html.erb within layouts/application
  Rendered books/_form.html.erb (1.4ms)
  Rendered books/edit.html.erb within layouts/application (2.3ms)
Completed 200 OK in 15ms (Views: 13.0ms | ActiveRecord: 0.1ms)


Started GET "/books/2/edit?utf8=%E2%9C%93&_method=patch&authenticity_token=Lo4fes14DS0I_3SDXQit1LbLK1Q4WISLYc9w2U3mM-3mK18fcMLQY9yVIK_wfhruYkseYAtfS6UsvycgEnlCGA&book%5Btitle%5D=%E3%81%A1%E3%82%93%E3%81%93&book%5Bbody%5D=jj&commit=Update+Book" for 111.239.172.139 at 2021-12-29 06:21:27 +0000
Cannot render console from 111.239.172.139! Allowed networks: 127.0.0.1, ::1, 127.0.0.0/127.255.255.255
Processing by BooksController#edit as HTML
  Parameters: {"utf8"=>"âœ“", "authenticity_token"=>"Lo4fes14DS0I_3SDXQit1LbLK1Q4WISLYc9w2U3mM-3mK18fcMLQY9yVIK_wfhruYkseYAtfS6UsvycgEnlCGA", "book"=>{"title"=>"ã¡ã‚“ã“", "body"=>"jj"}, "commit"=>"Update Book", "id"=>"2"}
  [1m[36mBook Load (0.1ms)[0m  [1m[34mSELECT  "books".* FROM "books" WHERE "books"."id" = ? LIMIT ?[0m  [["id", 2], ["LIMIT", 1]]
  â†³ app/controllers/books_controller.rb:23
  Rendering books/edit.html.erb within layouts/application
  Rendered books/_form.html.erb (1.4ms)
  Rendered books/edit.html.erb within layouts/application (2.4ms)
Completed 200 OK in 14ms (Views: 13.0ms | ActiveRecord: 0.1ms)


Started GET "/books/2/edit?utf8=%E2%9C%93&_method=patch&authenticity_token=Lo4fes14DS0I_3SDXQit1LbLK1Q4WISLYc9w2U3mM-3mK18fcMLQY9yVIK_wfhruYkseYAtfS6UsvycgEnlCGA&book%5Btitle%5D=%E3%81%A1%E3%82%93%E3%81%93&book%5Bbody%5D=jj&commit=Update+Book" for 111.239.172.139 at 2021-12-29 06:22:24 +0000
Cannot render console from 111.239.172.139! Allowed networks: 127.0.0.1, ::1, 127.0.0.0/127.255.255.255
Processing by BooksController#edit as HTML
  Parameters: {"utf8"=>"âœ“", "authenticity_token"=>"Lo4fes14DS0I_3SDXQit1LbLK1Q4WISLYc9w2U3mM-3mK18fcMLQY9yVIK_wfhruYkseYAtfS6UsvycgEnlCGA", "book"=>{"title"=>"ã¡ã‚“ã“", "body"=>"jj"}, "commit"=>"Update Book", "id"=>"2"}
  [1m[36mBook Load (0.1ms)[0m  [1m[34mSELECT  "books".* FROM "books" WHERE "books"."id" = ? LIMIT ?[0m  [["id", 2], ["LIMIT", 1]]
  â†³ app/controllers/books_controller.rb:23
  Rendering books/edit.html.erb within layouts/application
  Rendered books/edit.html.erb within layouts/application (1.2ms)
Completed 200 OK in 14ms (Views: 12.0ms | ActiveRecord: 0.1ms)


Started PATCH "/books/2" for 111.239.172.139 at 2021-12-29 06:22:29 +0000
Cannot render console from 111.239.172.139! Allowed networks: 127.0.0.1, ::1, 127.0.0.0/127.255.255.255
Processing by BooksController#update as HTML
  Parameters: {"utf8"=>"âœ“", "authenticity_token"=>"RJ3_KgvbpgWE25QLhtsChGlgvgFEhar3pB2g54hlj4aMOL9PtmF7S1CxwCcrrbW-veCLNXeCZdnpbfce1_r-cw", "book"=>{"title"=>"ã¡ã‚“ã“", "body"=>"jjjj"}, "commit"=>"Update Book", "id"=>"2"}
  [1m[36mBook Load (0.1ms)[0m  [1m[34mSELECT  "books".* FROM "books" WHERE "books"."id" = ? LIMIT ?[0m  [["id", 2], ["LIMIT", 1]]
  â†³ app/controllers/books_controller.rb:27
  [1m[35m (0.1ms)[0m  [1m[36mbegin transaction[0m
  â†³ app/controllers/books_controller.rb:28
  [1m[36mBook Update (0.6ms)[0m  [1m[33mUPDATE "books" SET "body" = ?, "updated_at" = ? WHERE "books"."id" = ?[0m  [["body", "jjjj"], ["updated_at", "2021-12-29 06:22:29.277484"], ["id", 2]]
  â†³ app/controllers/books_controller.rb:28
  [1m[35m (4.3ms)[0m  [1m[36mcommit transaction[0m
  â†³ app/controllers/books_controller.rb:28
Redirected to https://f5052807bda94322a481b932efee0319.vfs.cloud9.us-east-1.amazonaws.com/books/2
Completed 302 Found in 10ms (ActiveRecord: 5.0ms)


Started GET "/books/2" for 111.239.172.139 at 2021-12-29 06:22:29 +0000
Cannot render console from 111.239.172.139! Allowed networks: 127.0.0.1, ::1, 127.0.0.0/127.255.255.255
Processing by BooksController#show as HTML
  Parameters: {"id"=>"2"}
  [1m[36mBook Load (0.1ms)[0m  [1m[34mSELECT  "books".* FROM "books" WHERE "books"."id" = ? LIMIT ?[0m  [["id", 2], ["LIMIT", 1]]
  â†³ app/controllers/books_controller.rb:19
  Rendering books/show.html.erb within layouts/application
  Rendered books/show.html.erb within layouts/application (0.6ms)
Completed 200 OK in 13ms (Views: 11.5ms | ActiveRecord: 0.1ms)


  [1m[35m (0.1ms)[0m  [1m[34mSELECT "schema_migrations"."version" FROM "schema_migrations" ORDER BY "schema_migrations"."version" ASC[0m
  â†³ bin/rails:9
  [1m[36mActiveRecord::InternalMetadata Load (0.1ms)[0m  [1m[34mSELECT  "ar_internal_metadata".* FROM "ar_internal_metadata" WHERE "ar_internal_metadata"."key" = ? LIMIT ?[0m  [["key", "environment"], ["LIMIT", 1]]
  â†³ bin/rails:9
  [1m[35m (0.0ms)[0m  [1m[36mbegin transaction[0m
  â†³ bin/rails:9
  [1m[35m (0.0ms)[0m  [1m[36mcommit transaction[0m
  â†³ bin/rails:9
  [1m[35m (0.1ms)[0m  [1m[34mSELECT "schema_migrations"."version" FROM "schema_migrations" ORDER BY "schema_migrations"."version" ASC[0m
  â†³ bin/rails:9
Started GET "/books" for 111.239.172.139 at 2021-12-29 06:24:08 +0000
Cannot render console from 111.239.172.139! Allowed networks: 127.0.0.1, ::1, 127.0.0.0/127.255.255.255
Processing by BooksController#index as HTML
  Rendering books/index.html.erb within layouts/application
  [1m[36mBook Load (0.1ms)[0m  [1m[34mSELECT "books".* FROM "books"[0m
  â†³ app/views/books/index.html.erb:13
  Rendered books/_form.html.erb (1.4ms)
  Rendered books/index.html.erb within layouts/application (3.4ms)
Completed 200 OK in 20ms (Views: 14.3ms | ActiveRecord: 0.5ms)


Started POST "/books" for 111.239.172.139 at 2021-12-29 06:24:10 +0000
Cannot render console from 111.239.172.139! Allowed networks: 127.0.0.1, ::1, 127.0.0.0/127.255.255.255
Processing by BooksController#create as HTML
  Parameters: {"utf8"=>"âœ“", "authenticity_token"=>"mEpgigZ_zvcKsDCWTR30tWTHMIX0eIYxyaGsmTcTn_l2RFqGasF3uKtU_WDsR0gJnELrP1DAmt-OJiXIJjzCnA", "book"=>{"title"=>"", "body"=>""}, "commit"=>"Create Book"}
  [1m[35m (0.1ms)[0m  [1m[36mbegin transaction[0m
  â†³ app/controllers/books_controller.rb:10
  [1m[35m (0.0ms)[0m  [1m[31mrollback transaction[0m
  â†³ app/controllers/books_controller.rb:10
  Rendering books/index.html.erb within layouts/application
  Rendered books/index.html.erb within layouts/application (1.8ms)
Completed 500 Internal Server Error in 6ms (ActiveRecord: 0.1ms)


  
ActionView::Template::Error (undefined method `each' for nil:NilClass):
    10:   </thead>
    11: 
    12:   <tbody>
    13:     <% @books.each do |book| %>
    14:       <tr>
    15:         <td><%= book.title %></td>
    16:         <td><%= book.body %></td>
  
app/views/books/index.html.erb:13:in `_app_views_books_index_html_erb__2610107034426250605_69976996680280'
app/controllers/books_controller.rb:14:in `create'
Started POST "/books" for 111.239.172.139 at 2021-12-29 06:27:09 +0000
Cannot render console from 111.239.172.139! Allowed networks: 127.0.0.1, ::1, 127.0.0.0/127.255.255.255
Processing by BooksController#create as HTML
  Parameters: {"utf8"=>"âœ“", "authenticity_token"=>"mEpgigZ_zvcKsDCWTR30tWTHMIX0eIYxyaGsmTcTn_l2RFqGasF3uKtU_WDsR0gJnELrP1DAmt-OJiXIJjzCnA", "book"=>{"title"=>"", "body"=>""}, "commit"=>"Create Book"}
  [1m[35m (0.0ms)[0m  [1m[36mbegin transaction[0m
  â†³ app/controllers/books_controller.rb:11
  [1m[35m (0.0ms)[0m  [1m[31mrollback transaction[0m
  â†³ app/controllers/books_controller.rb:11
  Rendering books/index.html.erb within layouts/application
  Rendered books/index.html.erb within layouts/application (1.4ms)
Completed 500 Internal Server Error in 9ms (ActiveRecord: 0.5ms)


  
ActionView::Template::Error (undefined method `each' for nil:NilClass):
    10:   </thead>
    11: 
    12:   <tbody>
    13:     <% @books.each do |book| %>
    14:       <tr>
    15:         <td><%= book.title %></td>
    16:         <td><%= book.body %></td>
  
app/views/books/index.html.erb:13:in `_app_views_books_index_html_erb__2610107034426250605_69977144916500'
app/controllers/books_controller.rb:15:in `create'
Started POST "/books" for 111.239.172.139 at 2021-12-29 06:27:30 +0000
Cannot render console from 111.239.172.139! Allowed networks: 127.0.0.1, ::1, 127.0.0.0/127.255.255.255
  [1m[35m (0.1ms)[0m  [1m[34mSELECT "schema_migrations"."version" FROM "schema_migrations" ORDER BY "schema_migrations"."version" ASC[0m
  â†³ /home/ec2-user/.rvm/gems/ruby-2.6.3/gems/activerecord-5.2.5/lib/active_record/log_subscriber.rb:98
Processing by BooksController#create as HTML
  Parameters: {"utf8"=>"âœ“", "authenticity_token"=>"mEpgigZ_zvcKsDCWTR30tWTHMIX0eIYxyaGsmTcTn_l2RFqGasF3uKtU_WDsR0gJnELrP1DAmt-OJiXIJjzCnA", "book"=>{"title"=>"", "body"=>""}, "commit"=>"Create Book"}
  [1m[35m (0.0ms)[0m  [1m[36mbegin transaction[0m
  â†³ app/controllers/books_controller.rb:11
  [1m[35m (0.0ms)[0m  [1m[31mrollback transaction[0m
  â†³ app/controllers/books_controller.rb:11
  Rendering books/index.html.erb within layouts/application
  Rendered books/index.html.erb within layouts/application (3.7ms)
Completed 500 Internal Server Error in 28ms (ActiveRecord: 0.5ms)


  
ActionView::Template::Error (undefined method `each' for nil:NilClass):
    10:   </thead>
    11: 
    12:   <tbody>
    13:     <% @books.each do |book| %>
    14:       <tr>
    15:         <td><%= book.title %></td>
    16:         <td><%= book.body %></td>
  
app/views/books/index.html.erb:13:in `_app_views_books_index_html_erb__4060689394955141817_32926660'
app/controllers/books_controller.rb:15:in `create'
Started POST "/books" for 111.239.172.139 at 2021-12-29 06:28:42 +0000
Cannot render console from 111.239.172.139! Allowed networks: 127.0.0.1, ::1, 127.0.0.0/127.255.255.255
Processing by BooksController#create as HTML
  Parameters: {"utf8"=>"âœ“", "authenticity_token"=>"mEpgigZ_zvcKsDCWTR30tWTHMIX0eIYxyaGsmTcTn_l2RFqGasF3uKtU_WDsR0gJnELrP1DAmt-OJiXIJjzCnA", "book"=>{"title"=>"", "body"=>""}, "commit"=>"Create Book"}
  [1m[35m (0.1ms)[0m  [1m[36mbegin transaction[0m
  â†³ app/controllers/books_controller.rb:11
  [1m[35m (0.0ms)[0m  [1m[31mrollback transaction[0m
  â†³ app/controllers/books_controller.rb:11
  Rendering books/index.html.erb within layouts/application
  Rendered books/index.html.erb within layouts/application (3.0ms)
Completed 500 Internal Server Error in 7ms (ActiveRecord: 0.1ms)


  
ActionView::Template::Error (undefined method `each' for #<Book:0x00007f9a0802ef50>):
    10:   </thead>
    11: 
    12:   <tbody>
    13:     <% @book.each do |book| %>
    14:       <tr>
    15:         <td><%= book.title %></td>
    16:         <td><%= book.body %></td>
  
app/views/books/index.html.erb:13:in `_app_views_books_index_html_erb__4060689394955141817_70149768095600'
app/controllers/books_controller.rb:15:in `create'
Started POST "/books" for 111.239.172.139 at 2021-12-29 06:30:57 +0000
Cannot render console from 111.239.172.139! Allowed networks: 127.0.0.1, ::1, 127.0.0.0/127.255.255.255
Processing by BooksController#create as HTML
  Parameters: {"utf8"=>"âœ“", "authenticity_token"=>"mEpgigZ_zvcKsDCWTR30tWTHMIX0eIYxyaGsmTcTn_l2RFqGasF3uKtU_WDsR0gJnELrP1DAmt-OJiXIJjzCnA", "book"=>{"title"=>"", "body"=>""}, "commit"=>"Create Book"}
  [1m[35m (0.0ms)[0m  [1m[36mbegin transaction[0m
  â†³ app/controllers/books_controller.rb:11
  [1m[35m (0.0ms)[0m  [1m[31mrollback transaction[0m
  â†³ app/controllers/books_controller.rb:11
  Rendering books/index.html.erb within layouts/application
  Rendered books/index.html.erb within layouts/application (1.4ms)
Completed 500 Internal Server Error in 9ms (ActiveRecord: 0.5ms)


  
ActionView::Template::Error (undefined method `each' for nil:NilClass):
    10:   </thead>
    11: 
    12:   <tbody>
    13:     <% @books.each do |book| %>
    14:       <tr>
    15:         <td><%= book.title %></td>
    16:         <td><%= book.body %></td>
  
app/views/books/index.html.erb:13:in `_app_views_books_index_html_erb__4060689394955141817_70149840930900'
app/controllers/books_controller.rb:15:in `create'
Started POST "/books" for 111.239.172.139 at 2021-12-29 06:32:47 +0000
Cannot render console from 111.239.172.139! Allowed networks: 127.0.0.1, ::1, 127.0.0.0/127.255.255.255
Processing by BooksController#create as HTML
  Parameters: {"utf8"=>"âœ“", "authenticity_token"=>"mEpgigZ_zvcKsDCWTR30tWTHMIX0eIYxyaGsmTcTn_l2RFqGasF3uKtU_WDsR0gJnELrP1DAmt-OJiXIJjzCnA", "book"=>{"title"=>"", "body"=>""}, "commit"=>"Create Book"}
  [1m[35m (0.0ms)[0m  [1m[36mbegin transaction[0m
  â†³ app/controllers/books_controller.rb:19
  [1m[35m (0.0ms)[0m  [1m[31mrollback transaction[0m
  â†³ app/controllers/books_controller.rb:19
  Rendering books/index.html.erb within layouts/application
  Rendered books/index.html.erb within layouts/application (1.8ms)
Completed 500 Internal Server Error in 10ms (ActiveRecord: 0.5ms)


  
ActionView::Template::Error (undefined method `each' for nil:NilClass):
    10:   </thead>
    11: 
    12:   <tbody>
    13:     <% @books.each do |book| %>
    14:       <tr>
    15:         <td><%= book.title %></td>
    16:         <td><%= book.body %></td>
  
app/views/books/index.html.erb:13:in `_app_views_books_index_html_erb__4060689394955141817_70149840554300'
app/controllers/books_controller.rb:23:in `create'
Started POST "/books" for 111.239.172.139 at 2021-12-29 06:33:34 +0000
Cannot render console from 111.239.172.139! Allowed networks: 127.0.0.1, ::1, 127.0.0.0/127.255.255.255
Processing by BooksController#create as HTML
  Parameters: {"utf8"=>"âœ“", "authenticity_token"=>"mEpgigZ_zvcKsDCWTR30tWTHMIX0eIYxyaGsmTcTn_l2RFqGasF3uKtU_WDsR0gJnELrP1DAmt-OJiXIJjzCnA", "book"=>{"title"=>"", "body"=>""}, "commit"=>"Create Book"}
  [1m[35m (0.0ms)[0m  [1m[36mbegin transaction[0m
  â†³ app/controllers/books_controller.rb:19
  [1m[35m (0.0ms)[0m  [1m[31mrollback transaction[0m
  â†³ app/controllers/books_controller.rb:19
  Rendering books/index.html.erb within layouts/application
  Rendered books/index.html.erb within layouts/application (1.4ms)
Completed 500 Internal Server Error in 9ms (ActiveRecord: 0.5ms)


  
ActionView::Template::Error (undefined method `each' for nil:NilClass):
    10:   </thead>
    11: 
    12:   <tbody>
    13:     <% @books.each do |book| %>
    14:       <tr>
    15:         <td><%= book.title %></td>
    16:         <td><%= book.body %></td>
  
app/views/books/index.html.erb:13:in `_app_views_books_index_html_erb__4060689394955141817_70149840210500'
app/controllers/books_controller.rb:23:in `create'
Started POST "/books" for 111.239.172.139 at 2021-12-29 06:34:39 +0000
Cannot render console from 111.239.172.139! Allowed networks: 127.0.0.1, ::1, 127.0.0.0/127.255.255.255
Processing by BooksController#create as HTML
  Parameters: {"utf8"=>"âœ“", "authenticity_token"=>"mEpgigZ_zvcKsDCWTR30tWTHMIX0eIYxyaGsmTcTn_l2RFqGasF3uKtU_WDsR0gJnELrP1DAmt-OJiXIJjzCnA", "book"=>{"title"=>"", "body"=>""}, "commit"=>"Create Book"}
  [1m[35m (0.0ms)[0m  [1m[36mbegin transaction[0m
  â†³ app/controllers/books_controller.rb:19
  [1m[35m (0.0ms)[0m  [1m[31mrollback transaction[0m
  â†³ app/controllers/books_controller.rb:19
  Rendering books/index.html.erb within layouts/application
  [1m[36mBook Load (0.1ms)[0m  [1m[34mSELECT "books".* FROM "books"[0m
  â†³ app/views/books/index.html.erb:13
  Rendered books/_form.html.erb (3.3ms)
  Rendered books/index.html.erb within layouts/application (5.4ms)
Completed 200 OK in 178ms (Views: 171.0ms | ActiveRecord: 0.6ms)


Started POST "/books" for 111.239.172.139 at 2021-12-29 06:34:48 +0000
Cannot render console from 111.239.172.139! Allowed networks: 127.0.0.1, ::1, 127.0.0.0/127.255.255.255
Processing by BooksController#create as HTML
  Parameters: {"utf8"=>"âœ“", "authenticity_token"=>"4EZx0dnp3Uxik-QyOl4EULrbwusc6sqX9tQfgnyw4kUo4zG0ZFMAArb5sB6XKLNqblv33y_tBbm7pEh7Iy-TsA", "book"=>{"title"=>"", "body"=>""}, "commit"=>"Create Book"}
  [1m[35m (0.1ms)[0m  [1m[36mbegin transaction[0m
  â†³ app/controllers/books_controller.rb:19
  [1m[35m (0.0ms)[0m  [1m[31mrollback transaction[0m
  â†³ app/controllers/books_controller.rb:19
  Rendering books/index.html.erb within layouts/application
  [1m[36mBook Load (0.1ms)[0m  [1m[34mSELECT "books".* FROM "books"[0m
  â†³ app/views/books/index.html.erb:13
  Rendered books/_form.html.erb (1.6ms)
  Rendered books/index.html.erb within layouts/application (3.5ms)
Completed 200 OK in 17ms (Views: 14.7ms | ActiveRecord: 0.2ms)


